2020-12-16 16:10:24.999 INFO  [main] --> : Starting project_jwt_authApplication on DESKTOP-0NNS7PI with PID 1536 (E:\ImportantPlan\项目管理\project\project_jwt_auth\target\classes started by qiyuan in E:\ImportantPlan\项目管理\project)
2020-12-16 16:10:25.003 DEBUG [main] --> : Running with Spring Boot v2.3.3.RELEASE, Spring v5.2.8.RELEASE
2020-12-16 16:10:25.004 INFO  [main] --> : No active profile set, falling back to default profiles: default
2020-12-16 16:10:26.975 INFO  [main] --> : Multiple Spring Data modules found, entering strict repository configuration mode!
2020-12-16 16:10:26.982 INFO  [main] --> : Bootstrapping Spring Data Redis repositories in DEFAULT mode.
2020-12-16 16:10:27.070 INFO  [main] --> : Finished Spring Data repository scanning in 42ms. Found 0 Redis repository interfaces.
2020-12-16 16:10:28.154 INFO  [main] --> : Bean 'redisCache' of type [club.codeqi.config.redisCache$$EnhancerBySpringCGLIB$$b2dca87a] is not eligible for getting processed by all BeanPostProcessors (for example: not eligible for auto-proxying)
2020-12-16 16:10:28.325 INFO  [main] --> : Bean 'org.springframework.security.access.expression.method.DefaultMethodSecurityExpressionHandler@4dbad37' of type [org.springframework.security.access.expression.method.DefaultMethodSecurityExpressionHandler] is not eligible for getting processed by all BeanPostProcessors (for example: not eligible for auto-proxying)
2020-12-16 16:10:28.356 INFO  [main] --> : Bean 'methodSecurityMetadataSource' of type [org.springframework.security.access.method.DelegatingMethodSecurityMetadataSource] is not eligible for getting processed by all BeanPostProcessors (for example: not eligible for auto-proxying)
2020-12-16 16:10:29.216 INFO  [main] --> : Tomcat initialized with port(s): 9001 (http)
2020-12-16 16:10:29.241 INFO  [main] --> : Initializing ProtocolHandler ["http-nio-9001"]
2020-12-16 16:10:29.243 INFO  [main] --> : Starting service [Tomcat]
2020-12-16 16:10:29.244 INFO  [main] --> : Starting Servlet engine: [Apache Tomcat/9.0.37]
2020-12-16 16:10:29.626 INFO  [main] --> : Initializing Spring embedded WebApplicationContext
2020-12-16 16:10:29.626 INFO  [main] --> : Root WebApplicationContext: initialization completed in 4518 ms
2020-12-16 16:10:30.338 INFO  [main] --> : Init DruidDataSource
2020-12-16 16:10:31.055 INFO  [main] --> : {dataSource-1} inited
2020-12-16 16:10:32.977 WARN  [main] --> : Can not find table primary key in Class: "club.codeqi.bean.user.user".
2020-12-16 16:10:33.000 WARN  [main] --> : [club.codeqi.bean.user.userMapper.insert] Has been loaded by XML or SqlProvider or Mybatis's Annotation, so ignoring this injection for [class com.baomidou.mybatisplus.core.injector.methods.Insert]
2020-12-16 16:10:33.016 WARN  [main] --> : [club.codeqi.bean.user.userMapper.delete] Has been loaded by XML or SqlProvider or Mybatis's Annotation, so ignoring this injection for [class com.baomidou.mybatisplus.core.injector.methods.Delete]
2020-12-16 16:10:33.049 WARN  [main] --> : [club.codeqi.bean.user.userMapper.update] Has been loaded by XML or SqlProvider or Mybatis's Annotation, so ignoring this injection for [class com.baomidou.mybatisplus.core.injector.methods.Update]
2020-12-16 16:10:35.153 WARN  [main] --> : Can not find table primary key in Class: "club.codeqi.bean.project.project".
2020-12-16 16:10:35.159 WARN  [main] --> : [club.codeqi.bean.project.projectMapper.insert] Has been loaded by XML or SqlProvider or Mybatis's Annotation, so ignoring this injection for [class com.baomidou.mybatisplus.core.injector.methods.Insert]
2020-12-16 16:10:35.164 WARN  [main] --> : [club.codeqi.bean.project.projectMapper.delete] Has been loaded by XML or SqlProvider or Mybatis's Annotation, so ignoring this injection for [class com.baomidou.mybatisplus.core.injector.methods.Delete]
2020-12-16 16:10:35.183 WARN  [main] --> : [club.codeqi.bean.project.projectMapper.update] Has been loaded by XML or SqlProvider or Mybatis's Annotation, so ignoring this injection for [class com.baomidou.mybatisplus.core.injector.methods.Update]
2020-12-16 16:10:35.300 WARN  [main] --> : Can not find table primary key in Class: "club.codeqi.bean.role.role".
2020-12-16 16:10:35.305 WARN  [main] --> : [club.codeqi.bean.role.roleMapper.insert] Has been loaded by XML or SqlProvider or Mybatis's Annotation, so ignoring this injection for [class com.baomidou.mybatisplus.core.injector.methods.Insert]
2020-12-16 16:10:35.309 WARN  [main] --> : [club.codeqi.bean.role.roleMapper.delete] Has been loaded by XML or SqlProvider or Mybatis's Annotation, so ignoring this injection for [class com.baomidou.mybatisplus.core.injector.methods.Delete]
2020-12-16 16:10:35.321 WARN  [main] --> : [club.codeqi.bean.role.roleMapper.update] Has been loaded by XML or SqlProvider or Mybatis's Annotation, so ignoring this injection for [class com.baomidou.mybatisplus.core.injector.methods.Update]
2020-12-16 16:10:35.884 INFO  [main] --> : Creating filter chain: any request, [org.springframework.security.web.context.request.async.WebAsyncManagerIntegrationFilter@413bef78, org.springframework.security.web.context.SecurityContextPersistenceFilter@7f353a0f, org.springframework.security.web.header.HeaderWriterFilter@6411504a, org.springframework.web.filter.CorsFilter@7e7fe6d, org.springframework.security.web.authentication.logout.LogoutFilter@32f5ecc4, club.codeqi.filter.JwtLoginFilter@66383c29, club.codeqi.filter.JwtVerfyFilter@7f7c420c, org.springframework.security.web.savedrequest.RequestCacheAwareFilter@1c93b51e, org.springframework.security.web.servletapi.SecurityContextHolderAwareRequestFilter@7a8341c1, org.springframework.security.web.authentication.AnonymousAuthenticationFilter@5d152bcd, org.springframework.security.web.session.SessionManagementFilter@1f43cab7, org.springframework.security.web.access.ExceptionTranslationFilter@48eaf42f, org.springframework.security.web.access.intercept.FilterSecurityInterceptor@77429040]
2020-12-16 16:10:37.005 INFO  [main] --> : Initializing ExecutorService 'applicationTaskExecutor'
2020-12-16 16:10:39.266 INFO  [main] --> : Starting ProtocolHandler ["http-nio-9001"]
2020-12-16 16:10:39.318 INFO  [main] --> : Tomcat started on port(s): 9001 (http) with context path ''
2020-12-16 16:10:39.346 INFO  [main] --> : Started project_jwt_authApplication in 15.648 seconds (JVM running for 17.704)
2020-12-16 16:10:41.716 INFO  [http-nio-9001-exec-1] --> : Initializing Spring DispatcherServlet 'dispatcherServlet'
2020-12-16 16:10:41.716 INFO  [http-nio-9001-exec-1] --> : Initializing Servlet 'dispatcherServlet'
2020-12-16 16:10:41.751 INFO  [http-nio-9001-exec-1] --> : Completed initialization in 34 ms
2020-12-16 16:10:41.798 DEBUG [http-nio-9001-exec-1] --> : Request is to process authentication
2020-12-16 16:10:45.573 DEBUG [http-nio-9001-exec-1] --> : ==>  Preparing: SELECT u.*, r.rid, r.role_name, r.role_info, p.perid, p.permission_code, p.permission_info FROM USER u LEFT JOIN role r ON u.role_id = r.rid LEFT JOIN permission p ON u.role_id = p.role_id WHERE username = ? 
2020-12-16 16:10:45.617 DEBUG [http-nio-9001-exec-1] --> : ==> Parameters: test03(String)
2020-12-16 16:10:45.695 DEBUG [http-nio-9001-exec-1] --> : <==      Total: 2
2020-12-16 16:11:08.473 INFO  [http-nio-9001-exec-2] --> : -------------------请求开始--------------------------
2020-12-16 16:11:08.477 INFO  [http-nio-9001-exec-2] --> : 请求路径: http://127.0.0.1:9001/projects  GET
请求内容:{}
2020-12-16 16:11:08.563 DEBUG [http-nio-9001-exec-2] --> : ==>  Preparing: SELECT count(0) FROM project 
2020-12-16 16:11:08.564 DEBUG [http-nio-9001-exec-2] --> : ==> Parameters: 
2020-12-16 16:11:08.576 DEBUG [http-nio-9001-exec-2] --> : <==      Total: 1
2020-12-16 16:11:08.583 DEBUG [http-nio-9001-exec-2] --> : ==>  Preparing: SELECT pid,p_name,creat_uid,remarks,create_time,state,begin_time,end_time FROM project LIMIT ? 
2020-12-16 16:11:08.586 DEBUG [http-nio-9001-exec-2] --> : ==> Parameters: 10(Integer)
2020-12-16 16:11:08.620 DEBUG [http-nio-9001-exec-2] --> : <==      Total: 10
2020-12-16 16:11:08.624 INFO  [http-nio-9001-exec-2] --> : 请求结果：PageInfo{pageNum=1, pageSize=10, size=10, startRow=1, endRow=10, total=12, pages=2, list=Page{count=true, pageNum=1, pageSize=10, startRow=0, endRow=10, total=12, pages=2, reasonable=false, pageSizeZero=false}[project(pid=1, p_name=项目名称1, creat_uid=null, remarks=null, create_time=null, state=null, begin_time=null, end_time=null), project(pid=3, p_name=项目名称2, creat_uid=0, remarks=, create_time=Wed Dec 02 13:43:16 CST 2020, state=0, begin_time=Wed Dec 02 13:43:16 CST 2020, end_time=Sun Jan 10 12:00:00 CST 2021), project(pid=4, p_name=项目名称3, creat_uid=0, remarks=, create_time=Mon Dec 07 21:41:27 CST 2020, state=0, begin_time=Mon Dec 07 21:41:27 CST 2020, end_time=Sun Jan 10 12:00:00 CST 2021), project(pid=5, p_name=项目名称4, creat_uid=0, remarks=, create_time=Mon Dec 07 21:41:28 CST 2020, state=0, begin_time=Mon Dec 07 21:41:28 CST 2020, end_time=Sun Jan 10 12:00:00 CST 2021), project(pid=6, p_name=项目名称, creat_uid=0, remarks=, create_time=Mon Dec 07 21:41:28 CST 2020, state=0, begin_time=Mon Dec 07 21:41:28 CST 2020, end_time=Sun Jan 10 12:00:00 CST 2021), project(pid=7, p_name=项目名称, creat_uid=0, remarks=, create_time=Mon Dec 07 21:41:28 CST 2020, state=0, begin_time=Mon Dec 07 21:41:28 CST 2020, end_time=Sun Jan 10 12:00:00 CST 2021), project(pid=8, p_name=项目名称, creat_uid=0, remarks=, create_time=Mon Dec 07 21:41:28 CST 2020, state=0, begin_time=Mon Dec 07 21:41:28 CST 2020, end_time=Sun Jan 10 12:00:00 CST 2021), project(pid=9, p_name=项目名称9, creat_uid=0, remarks=, create_time=Mon Dec 07 21:41:28 CST 2020, state=0, begin_time=Mon Dec 07 21:41:28 CST 2020, end_time=Sun Jan 10 12:00:00 CST 2021), project(pid=10, p_name=项目名称, creat_uid=0, remarks=, create_time=Mon Dec 07 21:41:28 CST 2020, state=0, begin_time=Mon Dec 07 21:41:28 CST 2020, end_time=Sun Jan 10 12:00:00 CST 2021), project(pid=11, p_name=项目名称, creat_uid=0, remarks=, create_time=Mon Dec 07 21:41:28 CST 2020, state=0, begin_time=Mon Dec 07 21:41:28 CST 2020, end_time=Sun Jan 10 12:00:00 CST 2021)], prePage=0, nextPage=2, isFirstPage=true, isLastPage=false, hasPreviousPage=false, hasNextPage=true, navigatePages=8, navigateFirstPage=1, navigateLastPage=2, navigatepageNums=[1, 2]}
2020-12-16 16:11:08.624 INFO  [http-nio-9001-exec-2] --> : --------------------请求结束-------------------------
2020-12-16 16:11:23.184 INFO  [http-nio-9001-exec-3] --> : Attempting to connect to: [192.168.174.130:5672]
2020-12-16 16:11:23.282 INFO  [http-nio-9001-exec-3] --> : Created new connection: rabbitConnectionFactory#724aefc3:0/SimpleConnection@b0f3168 [delegate=amqp://admin@192.168.174.130:5672//admin, localPort= 59152]
2020-12-16 16:13:44.738 INFO  [main] --> : Starting project_jwt_authApplication on DESKTOP-0NNS7PI with PID 17296 (E:\ImportantPlan\项目管理\project\project_jwt_auth\target\classes started by qiyuan in E:\ImportantPlan\项目管理\project)
2020-12-16 16:13:44.744 DEBUG [main] --> : Running with Spring Boot v2.3.3.RELEASE, Spring v5.2.8.RELEASE
2020-12-16 16:13:44.745 INFO  [main] --> : No active profile set, falling back to default profiles: default
2020-12-16 16:13:46.343 INFO  [main] --> : Multiple Spring Data modules found, entering strict repository configuration mode!
2020-12-16 16:13:46.349 INFO  [main] --> : Bootstrapping Spring Data Redis repositories in DEFAULT mode.
2020-12-16 16:13:46.422 INFO  [main] --> : Finished Spring Data repository scanning in 39ms. Found 0 Redis repository interfaces.
2020-12-16 16:13:47.377 INFO  [main] --> : Bean 'redisCache' of type [club.codeqi.config.redisCache$$EnhancerBySpringCGLIB$$5f47d8d] is not eligible for getting processed by all BeanPostProcessors (for example: not eligible for auto-proxying)
2020-12-16 16:13:47.511 INFO  [main] --> : Bean 'org.springframework.security.access.expression.method.DefaultMethodSecurityExpressionHandler@70e889e9' of type [org.springframework.security.access.expression.method.DefaultMethodSecurityExpressionHandler] is not eligible for getting processed by all BeanPostProcessors (for example: not eligible for auto-proxying)
2020-12-16 16:13:47.537 INFO  [main] --> : Bean 'methodSecurityMetadataSource' of type [org.springframework.security.access.method.DelegatingMethodSecurityMetadataSource] is not eligible for getting processed by all BeanPostProcessors (for example: not eligible for auto-proxying)
2020-12-16 16:13:48.133 INFO  [main] --> : Tomcat initialized with port(s): 9001 (http)
2020-12-16 16:13:48.155 INFO  [main] --> : Initializing ProtocolHandler ["http-nio-9001"]
2020-12-16 16:13:48.157 INFO  [main] --> : Starting service [Tomcat]
2020-12-16 16:13:48.157 INFO  [main] --> : Starting Servlet engine: [Apache Tomcat/9.0.37]
2020-12-16 16:13:48.494 INFO  [main] --> : Initializing Spring embedded WebApplicationContext
2020-12-16 16:13:48.495 INFO  [main] --> : Root WebApplicationContext: initialization completed in 3661 ms
2020-12-16 16:13:49.143 INFO  [main] --> : Init DruidDataSource
2020-12-16 16:13:49.797 INFO  [main] --> : {dataSource-1} inited
2020-12-16 16:13:51.392 WARN  [main] --> : Can not find table primary key in Class: "club.codeqi.bean.user.user".
2020-12-16 16:13:51.412 WARN  [main] --> : [club.codeqi.bean.user.userMapper.insert] Has been loaded by XML or SqlProvider or Mybatis's Annotation, so ignoring this injection for [class com.baomidou.mybatisplus.core.injector.methods.Insert]
2020-12-16 16:13:51.425 WARN  [main] --> : [club.codeqi.bean.user.userMapper.delete] Has been loaded by XML or SqlProvider or Mybatis's Annotation, so ignoring this injection for [class com.baomidou.mybatisplus.core.injector.methods.Delete]
2020-12-16 16:13:51.451 WARN  [main] --> : [club.codeqi.bean.user.userMapper.update] Has been loaded by XML or SqlProvider or Mybatis's Annotation, so ignoring this injection for [class com.baomidou.mybatisplus.core.injector.methods.Update]
2020-12-16 16:13:53.225 WARN  [main] --> : Can not find table primary key in Class: "club.codeqi.bean.project.project".
2020-12-16 16:13:53.231 WARN  [main] --> : [club.codeqi.bean.project.projectMapper.insert] Has been loaded by XML or SqlProvider or Mybatis's Annotation, so ignoring this injection for [class com.baomidou.mybatisplus.core.injector.methods.Insert]
2020-12-16 16:13:53.235 WARN  [main] --> : [club.codeqi.bean.project.projectMapper.delete] Has been loaded by XML or SqlProvider or Mybatis's Annotation, so ignoring this injection for [class com.baomidou.mybatisplus.core.injector.methods.Delete]
2020-12-16 16:13:53.246 WARN  [main] --> : [club.codeqi.bean.project.projectMapper.update] Has been loaded by XML or SqlProvider or Mybatis's Annotation, so ignoring this injection for [class com.baomidou.mybatisplus.core.injector.methods.Update]
2020-12-16 16:13:53.355 WARN  [main] --> : Can not find table primary key in Class: "club.codeqi.bean.role.role".
2020-12-16 16:13:53.359 WARN  [main] --> : [club.codeqi.bean.role.roleMapper.insert] Has been loaded by XML or SqlProvider or Mybatis's Annotation, so ignoring this injection for [class com.baomidou.mybatisplus.core.injector.methods.Insert]
2020-12-16 16:13:53.362 WARN  [main] --> : [club.codeqi.bean.role.roleMapper.delete] Has been loaded by XML or SqlProvider or Mybatis's Annotation, so ignoring this injection for [class com.baomidou.mybatisplus.core.injector.methods.Delete]
2020-12-16 16:13:53.375 WARN  [main] --> : [club.codeqi.bean.role.roleMapper.update] Has been loaded by XML or SqlProvider or Mybatis's Annotation, so ignoring this injection for [class com.baomidou.mybatisplus.core.injector.methods.Update]
2020-12-16 16:13:53.778 INFO  [main] --> : Creating filter chain: any request, [org.springframework.security.web.context.request.async.WebAsyncManagerIntegrationFilter@53f0d09c, org.springframework.security.web.context.SecurityContextPersistenceFilter@7a8341c1, org.springframework.security.web.header.HeaderWriterFilter@474179fa, org.springframework.web.filter.CorsFilter@5961e92d, org.springframework.security.web.authentication.logout.LogoutFilter@553da911, club.codeqi.filter.JwtLoginFilter@47acd13b, club.codeqi.filter.JwtVerfyFilter@6f8e9d06, org.springframework.security.web.savedrequest.RequestCacheAwareFilter@17043b04, org.springframework.security.web.servletapi.SecurityContextHolderAwareRequestFilter@33e434c8, org.springframework.security.web.authentication.AnonymousAuthenticationFilter@77d381e6, org.springframework.security.web.session.SessionManagementFilter@c7f4457, org.springframework.security.web.access.ExceptionTranslationFilter@1c93b51e, org.springframework.security.web.access.intercept.FilterSecurityInterceptor@7f7c420c]
2020-12-16 16:13:54.722 INFO  [main] --> : Initializing ExecutorService 'applicationTaskExecutor'
2020-12-16 16:13:56.685 INFO  [main] --> : Starting ProtocolHandler ["http-nio-9001"]
2020-12-16 16:13:56.720 INFO  [main] --> : Tomcat started on port(s): 9001 (http) with context path ''
2020-12-16 16:13:56.737 INFO  [main] --> : Started project_jwt_authApplication in 12.946 seconds (JVM running for 14.954)
2020-12-16 16:14:02.534 INFO  [http-nio-9001-exec-1] --> : Initializing Spring DispatcherServlet 'dispatcherServlet'
2020-12-16 16:14:02.535 INFO  [http-nio-9001-exec-1] --> : Initializing Servlet 'dispatcherServlet'
2020-12-16 16:14:02.565 INFO  [http-nio-9001-exec-1] --> : Completed initialization in 29 ms
2020-12-16 16:14:02.922 INFO  [http-nio-9001-exec-1] --> : Attempting to connect to: [192.168.174.130:5672]
2020-12-16 16:14:03.012 INFO  [http-nio-9001-exec-1] --> : Created new connection: rabbitConnectionFactory#4bcaa195:0/SimpleConnection@486b4cf5 [delegate=amqp://admin@192.168.174.130:5672//admin, localPort= 59361]
2020-12-16 16:19:49.065 INFO  [main] --> : Starting project_jwt_authApplication on DESKTOP-0NNS7PI with PID 14168 (E:\ImportantPlan\项目管理\project\project_jwt_auth\target\classes started by qiyuan in E:\ImportantPlan\项目管理\project)
2020-12-16 16:19:49.070 DEBUG [main] --> : Running with Spring Boot v2.3.3.RELEASE, Spring v5.2.8.RELEASE
2020-12-16 16:19:49.071 INFO  [main] --> : No active profile set, falling back to default profiles: default
2020-12-16 16:19:50.952 INFO  [main] --> : Multiple Spring Data modules found, entering strict repository configuration mode!
2020-12-16 16:19:50.958 INFO  [main] --> : Bootstrapping Spring Data Redis repositories in DEFAULT mode.
2020-12-16 16:19:51.031 INFO  [main] --> : Finished Spring Data repository scanning in 38ms. Found 0 Redis repository interfaces.
2020-12-16 16:19:52.075 INFO  [main] --> : Bean 'redisCache' of type [club.codeqi.config.redisCache$$EnhancerBySpringCGLIB$$5f47d8d] is not eligible for getting processed by all BeanPostProcessors (for example: not eligible for auto-proxying)
2020-12-16 16:19:52.221 INFO  [main] --> : Bean 'org.springframework.security.access.expression.method.DefaultMethodSecurityExpressionHandler@70e889e9' of type [org.springframework.security.access.expression.method.DefaultMethodSecurityExpressionHandler] is not eligible for getting processed by all BeanPostProcessors (for example: not eligible for auto-proxying)
2020-12-16 16:19:52.256 INFO  [main] --> : Bean 'methodSecurityMetadataSource' of type [org.springframework.security.access.method.DelegatingMethodSecurityMetadataSource] is not eligible for getting processed by all BeanPostProcessors (for example: not eligible for auto-proxying)
2020-12-16 16:19:53.069 INFO  [main] --> : Tomcat initialized with port(s): 9001 (http)
2020-12-16 16:19:53.093 INFO  [main] --> : Initializing ProtocolHandler ["http-nio-9001"]
2020-12-16 16:19:53.095 INFO  [main] --> : Starting service [Tomcat]
2020-12-16 16:19:53.096 INFO  [main] --> : Starting Servlet engine: [Apache Tomcat/9.0.37]
2020-12-16 16:19:53.451 INFO  [main] --> : Initializing Spring embedded WebApplicationContext
2020-12-16 16:19:53.452 INFO  [main] --> : Root WebApplicationContext: initialization completed in 4297 ms
2020-12-16 16:19:53.989 INFO  [main] --> : Init DruidDataSource
2020-12-16 16:19:54.636 INFO  [main] --> : {dataSource-1} inited
2020-12-16 16:19:56.137 WARN  [main] --> : Can not find table primary key in Class: "club.codeqi.bean.user.user".
2020-12-16 16:19:56.157 WARN  [main] --> : [club.codeqi.bean.user.userMapper.insert] Has been loaded by XML or SqlProvider or Mybatis's Annotation, so ignoring this injection for [class com.baomidou.mybatisplus.core.injector.methods.Insert]
2020-12-16 16:19:56.171 WARN  [main] --> : [club.codeqi.bean.user.userMapper.delete] Has been loaded by XML or SqlProvider or Mybatis's Annotation, so ignoring this injection for [class com.baomidou.mybatisplus.core.injector.methods.Delete]
2020-12-16 16:19:56.198 WARN  [main] --> : [club.codeqi.bean.user.userMapper.update] Has been loaded by XML or SqlProvider or Mybatis's Annotation, so ignoring this injection for [class com.baomidou.mybatisplus.core.injector.methods.Update]
2020-12-16 16:19:58.063 WARN  [main] --> : Can not find table primary key in Class: "club.codeqi.bean.project.project".
2020-12-16 16:19:58.066 WARN  [main] --> : [club.codeqi.bean.project.projectMapper.insert] Has been loaded by XML or SqlProvider or Mybatis's Annotation, so ignoring this injection for [class com.baomidou.mybatisplus.core.injector.methods.Insert]
2020-12-16 16:19:58.071 WARN  [main] --> : [club.codeqi.bean.project.projectMapper.delete] Has been loaded by XML or SqlProvider or Mybatis's Annotation, so ignoring this injection for [class com.baomidou.mybatisplus.core.injector.methods.Delete]
2020-12-16 16:19:58.083 WARN  [main] --> : [club.codeqi.bean.project.projectMapper.update] Has been loaded by XML or SqlProvider or Mybatis's Annotation, so ignoring this injection for [class com.baomidou.mybatisplus.core.injector.methods.Update]
2020-12-16 16:19:58.156 WARN  [main] --> : Can not find table primary key in Class: "club.codeqi.bean.role.role".
2020-12-16 16:19:58.158 WARN  [main] --> : [club.codeqi.bean.role.roleMapper.insert] Has been loaded by XML or SqlProvider or Mybatis's Annotation, so ignoring this injection for [class com.baomidou.mybatisplus.core.injector.methods.Insert]
2020-12-16 16:19:58.160 WARN  [main] --> : [club.codeqi.bean.role.roleMapper.delete] Has been loaded by XML or SqlProvider or Mybatis's Annotation, so ignoring this injection for [class com.baomidou.mybatisplus.core.injector.methods.Delete]
2020-12-16 16:19:58.167 WARN  [main] --> : [club.codeqi.bean.role.roleMapper.update] Has been loaded by XML or SqlProvider or Mybatis's Annotation, so ignoring this injection for [class com.baomidou.mybatisplus.core.injector.methods.Update]
2020-12-16 16:19:58.647 INFO  [main] --> : Creating filter chain: any request, [org.springframework.security.web.context.request.async.WebAsyncManagerIntegrationFilter@5f7eee96, org.springframework.security.web.context.SecurityContextPersistenceFilter@12e12ac9, org.springframework.security.web.header.HeaderWriterFilter@2abc8034, org.springframework.web.filter.CorsFilter@120d3fd, org.springframework.security.web.authentication.logout.LogoutFilter@32120956, club.codeqi.filter.JwtLoginFilter@3a36cd5, club.codeqi.filter.JwtVerfyFilter@53f0d09c, org.springframework.security.web.savedrequest.RequestCacheAwareFilter@7a8341c1, org.springframework.security.web.servletapi.SecurityContextHolderAwareRequestFilter@7ba93755, org.springframework.security.web.authentication.AnonymousAuthenticationFilter@47acd13b, org.springframework.security.web.session.SessionManagementFilter@474179fa, org.springframework.security.web.access.ExceptionTranslationFilter@7f353a0f, org.springframework.security.web.access.intercept.FilterSecurityInterceptor@413bef78]
2020-12-16 16:19:59.553 INFO  [main] --> : Initializing ExecutorService 'applicationTaskExecutor'
2020-12-16 16:20:01.779 INFO  [main] --> : Starting ProtocolHandler ["http-nio-9001"]
2020-12-16 16:20:01.821 INFO  [main] --> : Tomcat started on port(s): 9001 (http) with context path ''
2020-12-16 16:20:01.843 INFO  [main] --> : Started project_jwt_authApplication in 13.787 seconds (JVM running for 15.883)
2020-12-16 16:20:46.407 INFO  [http-nio-9001-exec-1] --> : Initializing Spring DispatcherServlet 'dispatcherServlet'
2020-12-16 16:20:46.407 INFO  [http-nio-9001-exec-1] --> : Initializing Servlet 'dispatcherServlet'
2020-12-16 16:20:46.434 INFO  [http-nio-9001-exec-1] --> : Completed initialization in 26 ms
2020-12-16 16:20:46.469 DEBUG [http-nio-9001-exec-1] --> : Request is to process authentication
2020-12-16 16:20:50.016 DEBUG [http-nio-9001-exec-1] --> : ==>  Preparing: SELECT u.*, r.rid, r.role_name, r.role_info, p.perid, p.permission_code, p.permission_info FROM USER u LEFT JOIN role r ON u.role_id = r.rid LEFT JOIN permission p ON u.role_id = p.role_id WHERE username = ? 
2020-12-16 16:20:50.056 DEBUG [http-nio-9001-exec-1] --> : ==> Parameters: test03(String)
2020-12-16 16:20:50.109 DEBUG [http-nio-9001-exec-1] --> : <==      Total: 2
2020-12-16 16:22:00.874 INFO  [main] --> : Starting project_jwt_authApplication on DESKTOP-0NNS7PI with PID 2680 (E:\ImportantPlan\项目管理\project\project_jwt_auth\target\classes started by qiyuan in E:\ImportantPlan\项目管理\project)
2020-12-16 16:22:00.879 DEBUG [main] --> : Running with Spring Boot v2.3.3.RELEASE, Spring v5.2.8.RELEASE
2020-12-16 16:22:00.879 INFO  [main] --> : No active profile set, falling back to default profiles: default
2020-12-16 16:22:02.497 INFO  [main] --> : Multiple Spring Data modules found, entering strict repository configuration mode!
2020-12-16 16:22:02.502 INFO  [main] --> : Bootstrapping Spring Data Redis repositories in DEFAULT mode.
2020-12-16 16:22:02.568 INFO  [main] --> : Finished Spring Data repository scanning in 36ms. Found 0 Redis repository interfaces.
2020-12-16 16:22:03.542 INFO  [main] --> : Bean 'redisCache' of type [club.codeqi.config.redisCache$$EnhancerBySpringCGLIB$$5f47d8d] is not eligible for getting processed by all BeanPostProcessors (for example: not eligible for auto-proxying)
2020-12-16 16:22:03.702 INFO  [main] --> : Bean 'org.springframework.security.access.expression.method.DefaultMethodSecurityExpressionHandler@70e889e9' of type [org.springframework.security.access.expression.method.DefaultMethodSecurityExpressionHandler] is not eligible for getting processed by all BeanPostProcessors (for example: not eligible for auto-proxying)
2020-12-16 16:22:03.728 INFO  [main] --> : Bean 'methodSecurityMetadataSource' of type [org.springframework.security.access.method.DelegatingMethodSecurityMetadataSource] is not eligible for getting processed by all BeanPostProcessors (for example: not eligible for auto-proxying)
2020-12-16 16:22:04.408 INFO  [main] --> : Tomcat initialized with port(s): 9001 (http)
2020-12-16 16:22:04.428 INFO  [main] --> : Initializing ProtocolHandler ["http-nio-9001"]
2020-12-16 16:22:04.429 INFO  [main] --> : Starting service [Tomcat]
2020-12-16 16:22:04.430 INFO  [main] --> : Starting Servlet engine: [Apache Tomcat/9.0.37]
2020-12-16 16:22:04.760 INFO  [main] --> : Initializing Spring embedded WebApplicationContext
2020-12-16 16:22:04.760 INFO  [main] --> : Root WebApplicationContext: initialization completed in 3800 ms
2020-12-16 16:22:05.441 INFO  [main] --> : Init DruidDataSource
2020-12-16 16:22:06.282 INFO  [main] --> : {dataSource-1} inited
2020-12-16 16:22:08.164 WARN  [main] --> : Can not find table primary key in Class: "club.codeqi.bean.user.user".
2020-12-16 16:22:08.187 WARN  [main] --> : [club.codeqi.bean.user.userMapper.insert] Has been loaded by XML or SqlProvider or Mybatis's Annotation, so ignoring this injection for [class com.baomidou.mybatisplus.core.injector.methods.Insert]
2020-12-16 16:22:08.201 WARN  [main] --> : [club.codeqi.bean.user.userMapper.delete] Has been loaded by XML or SqlProvider or Mybatis's Annotation, so ignoring this injection for [class com.baomidou.mybatisplus.core.injector.methods.Delete]
2020-12-16 16:22:08.228 WARN  [main] --> : [club.codeqi.bean.user.userMapper.update] Has been loaded by XML or SqlProvider or Mybatis's Annotation, so ignoring this injection for [class com.baomidou.mybatisplus.core.injector.methods.Update]
2020-12-16 16:22:10.229 WARN  [main] --> : Can not find table primary key in Class: "club.codeqi.bean.project.project".
2020-12-16 16:22:10.234 WARN  [main] --> : [club.codeqi.bean.project.projectMapper.insert] Has been loaded by XML or SqlProvider or Mybatis's Annotation, so ignoring this injection for [class com.baomidou.mybatisplus.core.injector.methods.Insert]
2020-12-16 16:22:10.239 WARN  [main] --> : [club.codeqi.bean.project.projectMapper.delete] Has been loaded by XML or SqlProvider or Mybatis's Annotation, so ignoring this injection for [class com.baomidou.mybatisplus.core.injector.methods.Delete]
2020-12-16 16:22:10.256 WARN  [main] --> : [club.codeqi.bean.project.projectMapper.update] Has been loaded by XML or SqlProvider or Mybatis's Annotation, so ignoring this injection for [class com.baomidou.mybatisplus.core.injector.methods.Update]
2020-12-16 16:22:10.356 WARN  [main] --> : Can not find table primary key in Class: "club.codeqi.bean.role.role".
2020-12-16 16:22:10.360 WARN  [main] --> : [club.codeqi.bean.role.roleMapper.insert] Has been loaded by XML or SqlProvider or Mybatis's Annotation, so ignoring this injection for [class com.baomidou.mybatisplus.core.injector.methods.Insert]
2020-12-16 16:22:10.363 WARN  [main] --> : [club.codeqi.bean.role.roleMapper.delete] Has been loaded by XML or SqlProvider or Mybatis's Annotation, so ignoring this injection for [class com.baomidou.mybatisplus.core.injector.methods.Delete]
2020-12-16 16:22:10.377 WARN  [main] --> : [club.codeqi.bean.role.roleMapper.update] Has been loaded by XML or SqlProvider or Mybatis's Annotation, so ignoring this injection for [class com.baomidou.mybatisplus.core.injector.methods.Update]
2020-12-16 16:22:10.854 INFO  [main] --> : Creating filter chain: any request, [org.springframework.security.web.context.request.async.WebAsyncManagerIntegrationFilter@5f7eee96, org.springframework.security.web.context.SecurityContextPersistenceFilter@12e12ac9, org.springframework.security.web.header.HeaderWriterFilter@2abc8034, org.springframework.web.filter.CorsFilter@120d3fd, org.springframework.security.web.authentication.logout.LogoutFilter@32120956, club.codeqi.filter.JwtLoginFilter@3a36cd5, club.codeqi.filter.JwtVerfyFilter@53f0d09c, org.springframework.security.web.savedrequest.RequestCacheAwareFilter@7a8341c1, org.springframework.security.web.servletapi.SecurityContextHolderAwareRequestFilter@7ba93755, org.springframework.security.web.authentication.AnonymousAuthenticationFilter@47acd13b, org.springframework.security.web.session.SessionManagementFilter@474179fa, org.springframework.security.web.access.ExceptionTranslationFilter@7f353a0f, org.springframework.security.web.access.intercept.FilterSecurityInterceptor@413bef78]
2020-12-16 16:22:11.965 INFO  [main] --> : Initializing ExecutorService 'applicationTaskExecutor'
2020-12-16 16:22:14.115 INFO  [main] --> : Starting ProtocolHandler ["http-nio-9001"]
2020-12-16 16:22:14.158 INFO  [main] --> : Tomcat started on port(s): 9001 (http) with context path ''
2020-12-16 16:22:14.183 INFO  [main] --> : Started project_jwt_authApplication in 14.228 seconds (JVM running for 16.316)
2020-12-16 16:22:28.341 INFO  [main] --> : Starting project_jwt_authApplication on DESKTOP-0NNS7PI with PID 8180 (E:\ImportantPlan\项目管理\project\project_jwt_auth\target\classes started by qiyuan in E:\ImportantPlan\项目管理\project)
2020-12-16 16:22:28.347 DEBUG [main] --> : Running with Spring Boot v2.3.3.RELEASE, Spring v5.2.8.RELEASE
2020-12-16 16:22:28.347 INFO  [main] --> : No active profile set, falling back to default profiles: default
2020-12-16 16:22:30.068 INFO  [main] --> : Multiple Spring Data modules found, entering strict repository configuration mode!
2020-12-16 16:22:30.073 INFO  [main] --> : Bootstrapping Spring Data Redis repositories in DEFAULT mode.
2020-12-16 16:22:30.142 INFO  [main] --> : Finished Spring Data repository scanning in 36ms. Found 0 Redis repository interfaces.
2020-12-16 16:22:31.011 INFO  [main] --> : Bean 'redisCache' of type [club.codeqi.config.redisCache$$EnhancerBySpringCGLIB$$3df865cd] is not eligible for getting processed by all BeanPostProcessors (for example: not eligible for auto-proxying)
2020-12-16 16:22:31.162 INFO  [main] --> : Bean 'org.springframework.security.access.expression.method.DefaultMethodSecurityExpressionHandler@604b1e1d' of type [org.springframework.security.access.expression.method.DefaultMethodSecurityExpressionHandler] is not eligible for getting processed by all BeanPostProcessors (for example: not eligible for auto-proxying)
2020-12-16 16:22:31.189 INFO  [main] --> : Bean 'methodSecurityMetadataSource' of type [org.springframework.security.access.method.DelegatingMethodSecurityMetadataSource] is not eligible for getting processed by all BeanPostProcessors (for example: not eligible for auto-proxying)
2020-12-16 16:22:31.909 INFO  [main] --> : Tomcat initialized with port(s): 9001 (http)
2020-12-16 16:22:31.923 INFO  [main] --> : Initializing ProtocolHandler ["http-nio-9001"]
2020-12-16 16:22:31.924 INFO  [main] --> : Starting service [Tomcat]
2020-12-16 16:22:31.924 INFO  [main] --> : Starting Servlet engine: [Apache Tomcat/9.0.37]
2020-12-16 16:22:32.297 INFO  [main] --> : Initializing Spring embedded WebApplicationContext
2020-12-16 16:22:32.297 INFO  [main] --> : Root WebApplicationContext: initialization completed in 3852 ms
2020-12-16 16:22:32.913 INFO  [main] --> : Init DruidDataSource
2020-12-16 16:22:33.616 INFO  [main] --> : {dataSource-1} inited
2020-12-16 16:22:35.371 WARN  [main] --> : Can not find table primary key in Class: "club.codeqi.bean.user.user".
2020-12-16 16:22:35.389 WARN  [main] --> : [club.codeqi.bean.user.userMapper.insert] Has been loaded by XML or SqlProvider or Mybatis's Annotation, so ignoring this injection for [class com.baomidou.mybatisplus.core.injector.methods.Insert]
2020-12-16 16:22:35.400 WARN  [main] --> : [club.codeqi.bean.user.userMapper.delete] Has been loaded by XML or SqlProvider or Mybatis's Annotation, so ignoring this injection for [class com.baomidou.mybatisplus.core.injector.methods.Delete]
2020-12-16 16:22:35.420 WARN  [main] --> : [club.codeqi.bean.user.userMapper.update] Has been loaded by XML or SqlProvider or Mybatis's Annotation, so ignoring this injection for [class com.baomidou.mybatisplus.core.injector.methods.Update]
2020-12-16 16:22:37.158 WARN  [main] --> : Can not find table primary key in Class: "club.codeqi.bean.project.project".
2020-12-16 16:22:37.164 WARN  [main] --> : [club.codeqi.bean.project.projectMapper.insert] Has been loaded by XML or SqlProvider or Mybatis's Annotation, so ignoring this injection for [class com.baomidou.mybatisplus.core.injector.methods.Insert]
2020-12-16 16:22:37.169 WARN  [main] --> : [club.codeqi.bean.project.projectMapper.delete] Has been loaded by XML or SqlProvider or Mybatis's Annotation, so ignoring this injection for [class com.baomidou.mybatisplus.core.injector.methods.Delete]
2020-12-16 16:22:37.186 WARN  [main] --> : [club.codeqi.bean.project.projectMapper.update] Has been loaded by XML or SqlProvider or Mybatis's Annotation, so ignoring this injection for [class com.baomidou.mybatisplus.core.injector.methods.Update]
2020-12-16 16:22:37.292 WARN  [main] --> : Can not find table primary key in Class: "club.codeqi.bean.role.role".
2020-12-16 16:22:37.294 WARN  [main] --> : [club.codeqi.bean.role.roleMapper.insert] Has been loaded by XML or SqlProvider or Mybatis's Annotation, so ignoring this injection for [class com.baomidou.mybatisplus.core.injector.methods.Insert]
2020-12-16 16:22:37.300 WARN  [main] --> : [club.codeqi.bean.role.roleMapper.delete] Has been loaded by XML or SqlProvider or Mybatis's Annotation, so ignoring this injection for [class com.baomidou.mybatisplus.core.injector.methods.Delete]
2020-12-16 16:22:37.315 WARN  [main] --> : [club.codeqi.bean.role.roleMapper.update] Has been loaded by XML or SqlProvider or Mybatis's Annotation, so ignoring this injection for [class com.baomidou.mybatisplus.core.injector.methods.Update]
2020-12-16 16:22:37.765 INFO  [main] --> : Creating filter chain: any request, [org.springframework.security.web.context.request.async.WebAsyncManagerIntegrationFilter@5f7eee96, org.springframework.security.web.context.SecurityContextPersistenceFilter@12e12ac9, org.springframework.security.web.header.HeaderWriterFilter@2abc8034, org.springframework.web.filter.CorsFilter@e146f93, org.springframework.security.web.authentication.logout.LogoutFilter@32120956, club.codeqi.filter.JwtLoginFilter@3a36cd5, club.codeqi.filter.JwtVerfyFilter@53f0d09c, org.springframework.security.web.savedrequest.RequestCacheAwareFilter@7a8341c1, org.springframework.security.web.servletapi.SecurityContextHolderAwareRequestFilter@7ba93755, org.springframework.security.web.authentication.AnonymousAuthenticationFilter@47acd13b, org.springframework.security.web.session.SessionManagementFilter@474179fa, org.springframework.security.web.access.ExceptionTranslationFilter@7f353a0f, org.springframework.security.web.access.intercept.FilterSecurityInterceptor@413bef78]
2020-12-16 16:22:38.954 INFO  [main] --> : Initializing ExecutorService 'applicationTaskExecutor'
2020-12-16 16:22:41.141 INFO  [main] --> : Starting ProtocolHandler ["http-nio-9001"]
2020-12-16 16:22:41.200 INFO  [main] --> : Tomcat started on port(s): 9001 (http) with context path ''
2020-12-16 16:22:41.227 INFO  [main] --> : Started project_jwt_authApplication in 13.797 seconds (JVM running for 15.884)
2020-12-16 16:22:45.074 INFO  [http-nio-9001-exec-1] --> : Initializing Spring DispatcherServlet 'dispatcherServlet'
2020-12-16 16:22:45.074 INFO  [http-nio-9001-exec-1] --> : Initializing Servlet 'dispatcherServlet'
2020-12-16 16:22:45.103 INFO  [http-nio-9001-exec-1] --> : Completed initialization in 29 ms
2020-12-16 16:22:45.143 DEBUG [http-nio-9001-exec-1] --> : Request is to process authentication
2020-12-16 16:23:40.135 INFO  [main] --> : Starting project_jwt_authApplication on DESKTOP-0NNS7PI with PID 6584 (E:\ImportantPlan\项目管理\project\project_jwt_auth\target\classes started by qiyuan in E:\ImportantPlan\项目管理\project)
2020-12-16 16:23:40.138 DEBUG [main] --> : Running with Spring Boot v2.3.3.RELEASE, Spring v5.2.8.RELEASE
2020-12-16 16:23:40.139 INFO  [main] --> : No active profile set, falling back to default profiles: default
2020-12-16 16:23:41.813 INFO  [main] --> : Multiple Spring Data modules found, entering strict repository configuration mode!
2020-12-16 16:23:41.818 INFO  [main] --> : Bootstrapping Spring Data Redis repositories in DEFAULT mode.
2020-12-16 16:23:41.900 INFO  [main] --> : Finished Spring Data repository scanning in 45ms. Found 0 Redis repository interfaces.
2020-12-16 16:23:42.880 INFO  [main] --> : Bean 'redisCache' of type [club.codeqi.config.redisCache$$EnhancerBySpringCGLIB$$9e6d8534] is not eligible for getting processed by all BeanPostProcessors (for example: not eligible for auto-proxying)
2020-12-16 16:23:43.067 INFO  [main] --> : Bean 'org.springframework.security.access.expression.method.DefaultMethodSecurityExpressionHandler@1b7cae6f' of type [org.springframework.security.access.expression.method.DefaultMethodSecurityExpressionHandler] is not eligible for getting processed by all BeanPostProcessors (for example: not eligible for auto-proxying)
2020-12-16 16:23:43.094 INFO  [main] --> : Bean 'methodSecurityMetadataSource' of type [org.springframework.security.access.method.DelegatingMethodSecurityMetadataSource] is not eligible for getting processed by all BeanPostProcessors (for example: not eligible for auto-proxying)
2020-12-16 16:23:43.783 INFO  [main] --> : Tomcat initialized with port(s): 9001 (http)
2020-12-16 16:23:43.798 INFO  [main] --> : Initializing ProtocolHandler ["http-nio-9001"]
2020-12-16 16:23:43.800 INFO  [main] --> : Starting service [Tomcat]
2020-12-16 16:23:43.800 INFO  [main] --> : Starting Servlet engine: [Apache Tomcat/9.0.37]
2020-12-16 16:23:44.139 INFO  [main] --> : Initializing Spring embedded WebApplicationContext
2020-12-16 16:23:44.140 INFO  [main] --> : Root WebApplicationContext: initialization completed in 3899 ms
2020-12-16 16:23:44.842 INFO  [main] --> : Init DruidDataSource
2020-12-16 16:23:45.640 INFO  [main] --> : {dataSource-1} inited
2020-12-16 16:23:47.496 WARN  [main] --> : Can not find table primary key in Class: "club.codeqi.bean.user.user".
2020-12-16 16:23:47.516 WARN  [main] --> : [club.codeqi.bean.user.userMapper.insert] Has been loaded by XML or SqlProvider or Mybatis's Annotation, so ignoring this injection for [class com.baomidou.mybatisplus.core.injector.methods.Insert]
2020-12-16 16:23:47.534 WARN  [main] --> : [club.codeqi.bean.user.userMapper.delete] Has been loaded by XML or SqlProvider or Mybatis's Annotation, so ignoring this injection for [class com.baomidou.mybatisplus.core.injector.methods.Delete]
2020-12-16 16:23:47.568 WARN  [main] --> : [club.codeqi.bean.user.userMapper.update] Has been loaded by XML or SqlProvider or Mybatis's Annotation, so ignoring this injection for [class com.baomidou.mybatisplus.core.injector.methods.Update]
2020-12-16 16:23:49.313 WARN  [main] --> : Can not find table primary key in Class: "club.codeqi.bean.project.project".
2020-12-16 16:23:49.318 WARN  [main] --> : [club.codeqi.bean.project.projectMapper.insert] Has been loaded by XML or SqlProvider or Mybatis's Annotation, so ignoring this injection for [class com.baomidou.mybatisplus.core.injector.methods.Insert]
2020-12-16 16:23:49.323 WARN  [main] --> : [club.codeqi.bean.project.projectMapper.delete] Has been loaded by XML or SqlProvider or Mybatis's Annotation, so ignoring this injection for [class com.baomidou.mybatisplus.core.injector.methods.Delete]
2020-12-16 16:23:49.338 WARN  [main] --> : [club.codeqi.bean.project.projectMapper.update] Has been loaded by XML or SqlProvider or Mybatis's Annotation, so ignoring this injection for [class com.baomidou.mybatisplus.core.injector.methods.Update]
2020-12-16 16:23:49.437 WARN  [main] --> : Can not find table primary key in Class: "club.codeqi.bean.role.role".
2020-12-16 16:23:49.441 WARN  [main] --> : [club.codeqi.bean.role.roleMapper.insert] Has been loaded by XML or SqlProvider or Mybatis's Annotation, so ignoring this injection for [class com.baomidou.mybatisplus.core.injector.methods.Insert]
2020-12-16 16:23:49.445 WARN  [main] --> : [club.codeqi.bean.role.roleMapper.delete] Has been loaded by XML or SqlProvider or Mybatis's Annotation, so ignoring this injection for [class com.baomidou.mybatisplus.core.injector.methods.Delete]
2020-12-16 16:23:49.458 WARN  [main] --> : [club.codeqi.bean.role.roleMapper.update] Has been loaded by XML or SqlProvider or Mybatis's Annotation, so ignoring this injection for [class com.baomidou.mybatisplus.core.injector.methods.Update]
2020-12-16 16:23:49.948 INFO  [main] --> : Creating filter chain: any request, [org.springframework.security.web.context.request.async.WebAsyncManagerIntegrationFilter@478b0739, org.springframework.security.web.context.SecurityContextPersistenceFilter@6b4fc2d1, org.springframework.security.web.header.HeaderWriterFilter@7499eac7, org.springframework.web.filter.CorsFilter@37637a24, org.springframework.security.web.authentication.logout.LogoutFilter@481558ce, club.codeqi.filter.JwtLoginFilter@2cca611f, club.codeqi.filter.JwtVerfyFilter@51f95f0d, org.springframework.security.web.savedrequest.RequestCacheAwareFilter@1de4285e, org.springframework.security.web.servletapi.SecurityContextHolderAwareRequestFilter@43ac0a68, org.springframework.security.web.authentication.AnonymousAuthenticationFilter@6fc0bbc6, org.springframework.security.web.session.SessionManagementFilter@b9d018b, org.springframework.security.web.access.ExceptionTranslationFilter@54336976, org.springframework.security.web.access.intercept.FilterSecurityInterceptor@4978777f]
2020-12-16 16:23:51.164 INFO  [main] --> : Initializing ExecutorService 'applicationTaskExecutor'
2020-12-16 16:23:53.136 INFO  [main] --> : Starting ProtocolHandler ["http-nio-9001"]
2020-12-16 16:23:53.176 INFO  [main] --> : Tomcat started on port(s): 9001 (http) with context path ''
2020-12-16 16:23:53.200 INFO  [main] --> : Started project_jwt_authApplication in 14.004 seconds (JVM running for 16.145)
2020-12-16 16:23:54.415 INFO  [http-nio-9001-exec-1] --> : Initializing Spring DispatcherServlet 'dispatcherServlet'
2020-12-16 16:23:54.415 INFO  [http-nio-9001-exec-1] --> : Initializing Servlet 'dispatcherServlet'
2020-12-16 16:23:54.436 INFO  [http-nio-9001-exec-1] --> : Completed initialization in 20 ms
2020-12-16 16:23:54.462 DEBUG [http-nio-9001-exec-1] --> : Request is to process authentication
2020-12-16 16:24:11.244 DEBUG [http-nio-9001-exec-2] --> : Request is to process authentication
2020-12-16 16:24:11.329 DEBUG [http-nio-9001-exec-2] --> : ==>  Preparing: SELECT u.*, r.rid, r.role_name, r.role_info, p.perid, p.permission_code, p.permission_info FROM USER u LEFT JOIN role r ON u.role_id = r.rid LEFT JOIN permission p ON u.role_id = p.role_id WHERE username = ? 
2020-12-16 16:24:11.376 DEBUG [http-nio-9001-exec-2] --> : ==> Parameters: test03(String)
2020-12-16 16:24:11.437 DEBUG [http-nio-9001-exec-2] --> : <==      Total: 2
2020-12-16 16:24:13.228 DEBUG [http-nio-9001-exec-3] --> : Request is to process authentication
2020-12-16 16:24:14.952 DEBUG [http-nio-9001-exec-4] --> : Request is to process authentication
2020-12-16 16:24:17.457 DEBUG [http-nio-9001-exec-5] --> : Request is to process authentication
2020-12-16 16:24:22.692 DEBUG [http-nio-9001-exec-6] --> : Request is to process authentication
2020-12-16 16:24:28.392 DEBUG [http-nio-9001-exec-7] --> : Request is to process authentication
2020-12-16 16:24:43.053 DEBUG [http-nio-9001-exec-8] --> : Request is to process authentication
2020-12-16 16:24:43.079 DEBUG [http-nio-9001-exec-8] --> : ==>  Preparing: SELECT u.*, r.rid, r.role_name, r.role_info, p.perid, p.permission_code, p.permission_info FROM USER u LEFT JOIN role r ON u.role_id = r.rid LEFT JOIN permission p ON u.role_id = p.role_id WHERE username = ? 
2020-12-16 16:24:43.081 DEBUG [http-nio-9001-exec-8] --> : ==> Parameters: test02(String)
2020-12-16 16:24:43.152 DEBUG [http-nio-9001-exec-8] --> : <==      Total: 3
2020-12-16 16:26:23.604 INFO  [main] --> : Starting project_jwt_authApplication on DESKTOP-0NNS7PI with PID 13412 (E:\ImportantPlan\项目管理\project\project_jwt_auth\target\classes started by qiyuan in E:\ImportantPlan\项目管理\project)
2020-12-16 16:26:23.608 DEBUG [main] --> : Running with Spring Boot v2.3.3.RELEASE, Spring v5.2.8.RELEASE
2020-12-16 16:26:23.609 INFO  [main] --> : No active profile set, falling back to default profiles: default
2020-12-16 16:26:25.214 INFO  [main] --> : Multiple Spring Data modules found, entering strict repository configuration mode!
2020-12-16 16:26:25.219 INFO  [main] --> : Bootstrapping Spring Data Redis repositories in DEFAULT mode.
2020-12-16 16:26:25.288 INFO  [main] --> : Finished Spring Data repository scanning in 37ms. Found 0 Redis repository interfaces.
2020-12-16 16:26:26.200 INFO  [main] --> : Bean 'redisCache' of type [club.codeqi.config.redisCache$$EnhancerBySpringCGLIB$$1ea9be84] is not eligible for getting processed by all BeanPostProcessors (for example: not eligible for auto-proxying)
2020-12-16 16:26:26.392 INFO  [main] --> : Bean 'org.springframework.security.access.expression.method.DefaultMethodSecurityExpressionHandler@26a262d6' of type [org.springframework.security.access.expression.method.DefaultMethodSecurityExpressionHandler] is not eligible for getting processed by all BeanPostProcessors (for example: not eligible for auto-proxying)
2020-12-16 16:26:26.425 INFO  [main] --> : Bean 'methodSecurityMetadataSource' of type [org.springframework.security.access.method.DelegatingMethodSecurityMetadataSource] is not eligible for getting processed by all BeanPostProcessors (for example: not eligible for auto-proxying)
2020-12-16 16:26:27.271 INFO  [main] --> : Tomcat initialized with port(s): 9001 (http)
2020-12-16 16:26:27.299 INFO  [main] --> : Initializing ProtocolHandler ["http-nio-9001"]
2020-12-16 16:26:27.301 INFO  [main] --> : Starting service [Tomcat]
2020-12-16 16:26:27.302 INFO  [main] --> : Starting Servlet engine: [Apache Tomcat/9.0.37]
2020-12-16 16:26:27.640 INFO  [main] --> : Initializing Spring embedded WebApplicationContext
2020-12-16 16:26:27.640 INFO  [main] --> : Root WebApplicationContext: initialization completed in 3946 ms
2020-12-16 16:26:28.336 INFO  [main] --> : Init DruidDataSource
2020-12-16 16:26:29.004 INFO  [main] --> : {dataSource-1} inited
2020-12-16 16:26:30.584 WARN  [main] --> : Can not find table primary key in Class: "club.codeqi.bean.user.user".
2020-12-16 16:26:30.602 WARN  [main] --> : [club.codeqi.bean.user.userMapper.insert] Has been loaded by XML or SqlProvider or Mybatis's Annotation, so ignoring this injection for [class com.baomidou.mybatisplus.core.injector.methods.Insert]
2020-12-16 16:26:30.615 WARN  [main] --> : [club.codeqi.bean.user.userMapper.delete] Has been loaded by XML or SqlProvider or Mybatis's Annotation, so ignoring this injection for [class com.baomidou.mybatisplus.core.injector.methods.Delete]
2020-12-16 16:26:30.641 WARN  [main] --> : [club.codeqi.bean.user.userMapper.update] Has been loaded by XML or SqlProvider or Mybatis's Annotation, so ignoring this injection for [class com.baomidou.mybatisplus.core.injector.methods.Update]
2020-12-16 16:26:32.335 WARN  [main] --> : Can not find table primary key in Class: "club.codeqi.bean.project.project".
2020-12-16 16:26:32.341 WARN  [main] --> : [club.codeqi.bean.project.projectMapper.insert] Has been loaded by XML or SqlProvider or Mybatis's Annotation, so ignoring this injection for [class com.baomidou.mybatisplus.core.injector.methods.Insert]
2020-12-16 16:26:32.347 WARN  [main] --> : [club.codeqi.bean.project.projectMapper.delete] Has been loaded by XML or SqlProvider or Mybatis's Annotation, so ignoring this injection for [class com.baomidou.mybatisplus.core.injector.methods.Delete]
2020-12-16 16:26:32.357 WARN  [main] --> : [club.codeqi.bean.project.projectMapper.update] Has been loaded by XML or SqlProvider or Mybatis's Annotation, so ignoring this injection for [class com.baomidou.mybatisplus.core.injector.methods.Update]
2020-12-16 16:26:32.467 WARN  [main] --> : Can not find table primary key in Class: "club.codeqi.bean.role.role".
2020-12-16 16:26:32.472 WARN  [main] --> : [club.codeqi.bean.role.roleMapper.insert] Has been loaded by XML or SqlProvider or Mybatis's Annotation, so ignoring this injection for [class com.baomidou.mybatisplus.core.injector.methods.Insert]
2020-12-16 16:26:32.474 WARN  [main] --> : [club.codeqi.bean.role.roleMapper.delete] Has been loaded by XML or SqlProvider or Mybatis's Annotation, so ignoring this injection for [class com.baomidou.mybatisplus.core.injector.methods.Delete]
2020-12-16 16:26:32.488 WARN  [main] --> : [club.codeqi.bean.role.roleMapper.update] Has been loaded by XML or SqlProvider or Mybatis's Annotation, so ignoring this injection for [class com.baomidou.mybatisplus.core.injector.methods.Update]
2020-12-16 16:26:32.928 INFO  [main] --> : Creating filter chain: any request, [org.springframework.security.web.context.request.async.WebAsyncManagerIntegrationFilter@72906e, org.springframework.security.web.context.SecurityContextPersistenceFilter@5f7eee96, org.springframework.security.web.header.HeaderWriterFilter@43cb5f38, org.springframework.web.filter.CorsFilter@1455154c, org.springframework.security.web.authentication.logout.LogoutFilter@5a515e5d, club.codeqi.filter.JwtLoginFilter@5529ff44, club.codeqi.filter.JwtVerfyFilter@14447be, org.springframework.security.web.savedrequest.RequestCacheAwareFilter@53f0d09c, org.springframework.security.web.servletapi.SecurityContextHolderAwareRequestFilter@73fbdf68, org.springframework.security.web.authentication.AnonymousAuthenticationFilter@5eb5da12, org.springframework.security.web.session.SessionManagementFilter@7944b8b4, org.springframework.security.web.access.ExceptionTranslationFilter@413bef78, org.springframework.security.web.access.intercept.FilterSecurityInterceptor@5cd96b41]
2020-12-16 16:26:34.243 INFO  [main] --> : Initializing ExecutorService 'applicationTaskExecutor'
2020-12-16 16:26:36.477 INFO  [main] --> : Starting ProtocolHandler ["http-nio-9001"]
2020-12-16 16:26:36.525 INFO  [main] --> : Tomcat started on port(s): 9001 (http) with context path ''
2020-12-16 16:26:36.548 INFO  [main] --> : Started project_jwt_authApplication in 13.802 seconds (JVM running for 15.917)
2020-12-16 16:26:38.309 INFO  [http-nio-9001-exec-2] --> : Initializing Spring DispatcherServlet 'dispatcherServlet'
2020-12-16 16:26:38.310 INFO  [http-nio-9001-exec-2] --> : Initializing Servlet 'dispatcherServlet'
2020-12-16 16:26:38.349 INFO  [http-nio-9001-exec-2] --> : Completed initialization in 39 ms
2020-12-16 16:26:38.380 DEBUG [http-nio-9001-exec-2] --> : Request is to process authentication
2020-12-16 16:27:01.344 INFO  [http-nio-9001-exec-1] --> : Attempting to connect to: [192.168.174.130:5672]
2020-12-16 16:27:01.444 INFO  [http-nio-9001-exec-1] --> : Created new connection: rabbitConnectionFactory#6cd98a05:0/SimpleConnection@6964fdd7 [delegate=amqp://admin@192.168.174.130:5672//admin, localPort= 60674]
2020-12-16 16:27:39.437 INFO  [http-nio-9001-exec-5] --> : -------------------请求开始--------------------------
2020-12-16 16:27:39.440 INFO  [http-nio-9001-exec-5] --> : 请求路径: http://127.0.0.1:9001/projects  GET
请求内容:{}
2020-12-16 16:27:39.598 DEBUG [http-nio-9001-exec-5] --> : ==>  Preparing: SELECT count(0) FROM project 
2020-12-16 16:27:39.640 DEBUG [http-nio-9001-exec-5] --> : ==> Parameters: 
2020-12-16 16:27:39.688 DEBUG [http-nio-9001-exec-5] --> : <==      Total: 1
2020-12-16 16:27:39.694 DEBUG [http-nio-9001-exec-5] --> : ==>  Preparing: SELECT pid,p_name,creat_uid,remarks,create_time,state,begin_time,end_time FROM project LIMIT ? 
2020-12-16 16:27:39.697 DEBUG [http-nio-9001-exec-5] --> : ==> Parameters: 10(Integer)
2020-12-16 16:27:39.724 DEBUG [http-nio-9001-exec-5] --> : <==      Total: 10
2020-12-16 16:27:39.727 INFO  [http-nio-9001-exec-5] --> : 请求结果：PageInfo{pageNum=1, pageSize=10, size=10, startRow=1, endRow=10, total=12, pages=2, list=Page{count=true, pageNum=1, pageSize=10, startRow=0, endRow=10, total=12, pages=2, reasonable=false, pageSizeZero=false}[project(pid=1, p_name=项目名称1, creat_uid=null, remarks=null, create_time=null, state=null, begin_time=null, end_time=null), project(pid=3, p_name=项目名称2, creat_uid=0, remarks=, create_time=Wed Dec 02 13:43:16 CST 2020, state=0, begin_time=Wed Dec 02 13:43:16 CST 2020, end_time=Sun Jan 10 12:00:00 CST 2021), project(pid=4, p_name=项目名称3, creat_uid=0, remarks=, create_time=Mon Dec 07 21:41:27 CST 2020, state=0, begin_time=Mon Dec 07 21:41:27 CST 2020, end_time=Sun Jan 10 12:00:00 CST 2021), project(pid=5, p_name=项目名称4, creat_uid=0, remarks=, create_time=Mon Dec 07 21:41:28 CST 2020, state=0, begin_time=Mon Dec 07 21:41:28 CST 2020, end_time=Sun Jan 10 12:00:00 CST 2021), project(pid=6, p_name=项目名称, creat_uid=0, remarks=, create_time=Mon Dec 07 21:41:28 CST 2020, state=0, begin_time=Mon Dec 07 21:41:28 CST 2020, end_time=Sun Jan 10 12:00:00 CST 2021), project(pid=7, p_name=项目名称, creat_uid=0, remarks=, create_time=Mon Dec 07 21:41:28 CST 2020, state=0, begin_time=Mon Dec 07 21:41:28 CST 2020, end_time=Sun Jan 10 12:00:00 CST 2021), project(pid=8, p_name=项目名称, creat_uid=0, remarks=, create_time=Mon Dec 07 21:41:28 CST 2020, state=0, begin_time=Mon Dec 07 21:41:28 CST 2020, end_time=Sun Jan 10 12:00:00 CST 2021), project(pid=9, p_name=项目名称9, creat_uid=0, remarks=, create_time=Mon Dec 07 21:41:28 CST 2020, state=0, begin_time=Mon Dec 07 21:41:28 CST 2020, end_time=Sun Jan 10 12:00:00 CST 2021), project(pid=10, p_name=项目名称, creat_uid=0, remarks=, create_time=Mon Dec 07 21:41:28 CST 2020, state=0, begin_time=Mon Dec 07 21:41:28 CST 2020, end_time=Sun Jan 10 12:00:00 CST 2021), project(pid=11, p_name=项目名称, creat_uid=0, remarks=, create_time=Mon Dec 07 21:41:28 CST 2020, state=0, begin_time=Mon Dec 07 21:41:28 CST 2020, end_time=Sun Jan 10 12:00:00 CST 2021)], prePage=0, nextPage=2, isFirstPage=true, isLastPage=false, hasPreviousPage=false, hasNextPage=true, navigatePages=8, navigateFirstPage=1, navigateLastPage=2, navigatepageNums=[1, 2]}
2020-12-16 16:27:39.728 INFO  [http-nio-9001-exec-5] --> : --------------------请求结束-------------------------
2020-12-16 16:28:50.473 INFO  [main] --> : Starting project_jwt_authApplication on DESKTOP-0NNS7PI with PID 17264 (E:\ImportantPlan\项目管理\project\project_jwt_auth\target\classes started by qiyuan in E:\ImportantPlan\项目管理\project)
2020-12-16 16:28:50.478 DEBUG [main] --> : Running with Spring Boot v2.3.3.RELEASE, Spring v5.2.8.RELEASE
2020-12-16 16:28:50.479 INFO  [main] --> : No active profile set, falling back to default profiles: default
2020-12-16 16:28:52.028 INFO  [main] --> : Multiple Spring Data modules found, entering strict repository configuration mode!
2020-12-16 16:28:52.033 INFO  [main] --> : Bootstrapping Spring Data Redis repositories in DEFAULT mode.
2020-12-16 16:28:52.103 INFO  [main] --> : Finished Spring Data repository scanning in 37ms. Found 0 Redis repository interfaces.
2020-12-16 16:28:53.107 INFO  [main] --> : Bean 'redisCache' of type [club.codeqi.config.redisCache$$EnhancerBySpringCGLIB$$34f4bfc2] is not eligible for getting processed by all BeanPostProcessors (for example: not eligible for auto-proxying)
2020-12-16 16:28:53.295 INFO  [main] --> : Bean 'org.springframework.security.access.expression.method.DefaultMethodSecurityExpressionHandler@2f1ea80d' of type [org.springframework.security.access.expression.method.DefaultMethodSecurityExpressionHandler] is not eligible for getting processed by all BeanPostProcessors (for example: not eligible for auto-proxying)
2020-12-16 16:28:53.334 INFO  [main] --> : Bean 'methodSecurityMetadataSource' of type [org.springframework.security.access.method.DelegatingMethodSecurityMetadataSource] is not eligible for getting processed by all BeanPostProcessors (for example: not eligible for auto-proxying)
2020-12-16 16:28:54.070 INFO  [main] --> : Tomcat initialized with port(s): 9001 (http)
2020-12-16 16:28:54.090 INFO  [main] --> : Initializing ProtocolHandler ["http-nio-9001"]
2020-12-16 16:28:54.092 INFO  [main] --> : Starting service [Tomcat]
2020-12-16 16:28:54.092 INFO  [main] --> : Starting Servlet engine: [Apache Tomcat/9.0.37]
2020-12-16 16:28:54.479 INFO  [main] --> : Initializing Spring embedded WebApplicationContext
2020-12-16 16:28:54.479 INFO  [main] --> : Root WebApplicationContext: initialization completed in 3929 ms
2020-12-16 16:28:55.069 INFO  [main] --> : Init DruidDataSource
2020-12-16 16:28:55.845 INFO  [main] --> : {dataSource-1} inited
2020-12-16 16:28:57.602 WARN  [main] --> : Can not find table primary key in Class: "club.codeqi.bean.user.user".
2020-12-16 16:28:57.624 WARN  [main] --> : [club.codeqi.bean.user.userMapper.insert] Has been loaded by XML or SqlProvider or Mybatis's Annotation, so ignoring this injection for [class com.baomidou.mybatisplus.core.injector.methods.Insert]
2020-12-16 16:28:57.638 WARN  [main] --> : [club.codeqi.bean.user.userMapper.delete] Has been loaded by XML or SqlProvider or Mybatis's Annotation, so ignoring this injection for [class com.baomidou.mybatisplus.core.injector.methods.Delete]
2020-12-16 16:28:57.665 WARN  [main] --> : [club.codeqi.bean.user.userMapper.update] Has been loaded by XML or SqlProvider or Mybatis's Annotation, so ignoring this injection for [class com.baomidou.mybatisplus.core.injector.methods.Update]
2020-12-16 16:28:59.642 WARN  [main] --> : Can not find table primary key in Class: "club.codeqi.bean.project.project".
2020-12-16 16:28:59.647 WARN  [main] --> : [club.codeqi.bean.project.projectMapper.insert] Has been loaded by XML or SqlProvider or Mybatis's Annotation, so ignoring this injection for [class com.baomidou.mybatisplus.core.injector.methods.Insert]
2020-12-16 16:28:59.652 WARN  [main] --> : [club.codeqi.bean.project.projectMapper.delete] Has been loaded by XML or SqlProvider or Mybatis's Annotation, so ignoring this injection for [class com.baomidou.mybatisplus.core.injector.methods.Delete]
2020-12-16 16:28:59.667 WARN  [main] --> : [club.codeqi.bean.project.projectMapper.update] Has been loaded by XML or SqlProvider or Mybatis's Annotation, so ignoring this injection for [class com.baomidou.mybatisplus.core.injector.methods.Update]
2020-12-16 16:28:59.740 WARN  [main] --> : Can not find table primary key in Class: "club.codeqi.bean.role.role".
2020-12-16 16:28:59.744 WARN  [main] --> : [club.codeqi.bean.role.roleMapper.insert] Has been loaded by XML or SqlProvider or Mybatis's Annotation, so ignoring this injection for [class com.baomidou.mybatisplus.core.injector.methods.Insert]
2020-12-16 16:28:59.748 WARN  [main] --> : [club.codeqi.bean.role.roleMapper.delete] Has been loaded by XML or SqlProvider or Mybatis's Annotation, so ignoring this injection for [class com.baomidou.mybatisplus.core.injector.methods.Delete]
2020-12-16 16:28:59.757 WARN  [main] --> : [club.codeqi.bean.role.roleMapper.update] Has been loaded by XML or SqlProvider or Mybatis's Annotation, so ignoring this injection for [class com.baomidou.mybatisplus.core.injector.methods.Update]
2020-12-16 16:29:00.256 INFO  [main] --> : Creating filter chain: any request, [org.springframework.security.web.context.request.async.WebAsyncManagerIntegrationFilter@36776c32, org.springframework.security.web.context.SecurityContextPersistenceFilter@7e3d7dd, org.springframework.security.web.header.HeaderWriterFilter@38291795, org.springframework.web.filter.CorsFilter@554c4eaa, org.springframework.security.web.authentication.logout.LogoutFilter@4c51077d, club.codeqi.filter.JwtLoginFilter@7792d851, club.codeqi.filter.JwtVerfyFilter@5cd96b41, org.springframework.security.web.savedrequest.RequestCacheAwareFilter@413bef78, org.springframework.security.web.servletapi.SecurityContextHolderAwareRequestFilter@5f7eee96, org.springframework.security.web.authentication.AnonymousAuthenticationFilter@7e1ffe70, org.springframework.security.web.session.SessionManagementFilter@40ef0af8, org.springframework.security.web.access.ExceptionTranslationFilter@25f61c2c, org.springframework.security.web.access.intercept.FilterSecurityInterceptor@68ddd415]
2020-12-16 16:29:01.215 INFO  [main] --> : Initializing ExecutorService 'applicationTaskExecutor'
2020-12-16 16:29:03.409 INFO  [main] --> : Starting ProtocolHandler ["http-nio-9001"]
2020-12-16 16:29:03.457 INFO  [main] --> : Tomcat started on port(s): 9001 (http) with context path ''
2020-12-16 16:29:03.482 INFO  [main] --> : Started project_jwt_authApplication in 13.888 seconds (JVM running for 15.927)
2020-12-16 16:29:07.163 INFO  [http-nio-9001-exec-1] --> : Initializing Spring DispatcherServlet 'dispatcherServlet'
2020-12-16 16:29:07.163 INFO  [http-nio-9001-exec-1] --> : Initializing Servlet 'dispatcherServlet'
2020-12-16 16:29:07.199 INFO  [http-nio-9001-exec-1] --> : Completed initialization in 36 ms
2020-12-16 16:29:07.601 INFO  [http-nio-9001-exec-1] --> : -------------------请求开始--------------------------
2020-12-16 16:29:07.603 INFO  [http-nio-9001-exec-1] --> : 请求路径: http://127.0.0.1:9001/projects  GET
请求内容:{}
2020-12-16 16:29:07.611 INFO  [http-nio-9001-exec-1] --> : Attempting to connect to: [192.168.174.130:5672]
2020-12-16 16:29:07.685 INFO  [http-nio-9001-exec-1] --> : Created new connection: rabbitConnectionFactory#2f74900b:0/SimpleConnection@32a9282a [delegate=amqp://admin@192.168.174.130:5672//admin, localPort= 60985]
2020-12-16 16:29:08.413 DEBUG [http-nio-9001-exec-1] --> : ==>  Preparing: SELECT count(0) FROM project 
2020-12-16 16:29:08.458 DEBUG [http-nio-9001-exec-1] --> : ==> Parameters: 
2020-12-16 16:29:08.502 DEBUG [http-nio-9001-exec-1] --> : <==      Total: 1
2020-12-16 16:29:08.784 DEBUG [http-nio-9001-exec-1] --> : ==>  Preparing: SELECT pid,p_name,creat_uid,remarks,create_time,state,begin_time,end_time FROM project LIMIT ? 
2020-12-16 16:29:08.785 DEBUG [http-nio-9001-exec-1] --> : ==> Parameters: 10(Integer)
2020-12-16 16:29:08.809 DEBUG [http-nio-9001-exec-1] --> : <==      Total: 10
2020-12-16 16:29:08.814 INFO  [http-nio-9001-exec-1] --> : 请求结果：PageInfo{pageNum=1, pageSize=10, size=10, startRow=1, endRow=10, total=12, pages=2, list=Page{count=true, pageNum=1, pageSize=10, startRow=0, endRow=10, total=12, pages=2, reasonable=false, pageSizeZero=false}[project(pid=1, p_name=项目名称1, creat_uid=null, remarks=null, create_time=null, state=null, begin_time=null, end_time=null), project(pid=3, p_name=项目名称2, creat_uid=0, remarks=, create_time=Wed Dec 02 13:43:16 CST 2020, state=0, begin_time=Wed Dec 02 13:43:16 CST 2020, end_time=Sun Jan 10 12:00:00 CST 2021), project(pid=4, p_name=项目名称3, creat_uid=0, remarks=, create_time=Mon Dec 07 21:41:27 CST 2020, state=0, begin_time=Mon Dec 07 21:41:27 CST 2020, end_time=Sun Jan 10 12:00:00 CST 2021), project(pid=5, p_name=项目名称4, creat_uid=0, remarks=, create_time=Mon Dec 07 21:41:28 CST 2020, state=0, begin_time=Mon Dec 07 21:41:28 CST 2020, end_time=Sun Jan 10 12:00:00 CST 2021), project(pid=6, p_name=项目名称, creat_uid=0, remarks=, create_time=Mon Dec 07 21:41:28 CST 2020, state=0, begin_time=Mon Dec 07 21:41:28 CST 2020, end_time=Sun Jan 10 12:00:00 CST 2021), project(pid=7, p_name=项目名称, creat_uid=0, remarks=, create_time=Mon Dec 07 21:41:28 CST 2020, state=0, begin_time=Mon Dec 07 21:41:28 CST 2020, end_time=Sun Jan 10 12:00:00 CST 2021), project(pid=8, p_name=项目名称, creat_uid=0, remarks=, create_time=Mon Dec 07 21:41:28 CST 2020, state=0, begin_time=Mon Dec 07 21:41:28 CST 2020, end_time=Sun Jan 10 12:00:00 CST 2021), project(pid=9, p_name=项目名称9, creat_uid=0, remarks=, create_time=Mon Dec 07 21:41:28 CST 2020, state=0, begin_time=Mon Dec 07 21:41:28 CST 2020, end_time=Sun Jan 10 12:00:00 CST 2021), project(pid=10, p_name=项目名称, creat_uid=0, remarks=, create_time=Mon Dec 07 21:41:28 CST 2020, state=0, begin_time=Mon Dec 07 21:41:28 CST 2020, end_time=Sun Jan 10 12:00:00 CST 2021), project(pid=11, p_name=项目名称, creat_uid=0, remarks=, create_time=Mon Dec 07 21:41:28 CST 2020, state=0, begin_time=Mon Dec 07 21:41:28 CST 2020, end_time=Sun Jan 10 12:00:00 CST 2021)], prePage=0, nextPage=2, isFirstPage=true, isLastPage=false, hasPreviousPage=false, hasNextPage=true, navigatePages=8, navigateFirstPage=1, navigateLastPage=2, navigatepageNums=[1, 2]}
2020-12-16 16:29:08.814 INFO  [http-nio-9001-exec-1] --> : --------------------请求结束-------------------------
2020-12-16 16:30:39.290 INFO  [main] --> : Starting project_jwt_authApplication on DESKTOP-0NNS7PI with PID 7924 (E:\ImportantPlan\项目管理\project\project_jwt_auth\target\classes started by qiyuan in E:\ImportantPlan\项目管理\project)
2020-12-16 16:30:39.295 DEBUG [main] --> : Running with Spring Boot v2.3.3.RELEASE, Spring v5.2.8.RELEASE
2020-12-16 16:30:39.296 INFO  [main] --> : No active profile set, falling back to default profiles: default
2020-12-16 16:30:40.965 INFO  [main] --> : Multiple Spring Data modules found, entering strict repository configuration mode!
2020-12-16 16:30:40.968 INFO  [main] --> : Bootstrapping Spring Data Redis repositories in DEFAULT mode.
2020-12-16 16:30:41.035 INFO  [main] --> : Finished Spring Data repository scanning in 32ms. Found 0 Redis repository interfaces.
2020-12-16 16:30:41.912 INFO  [main] --> : Bean 'redisCache' of type [club.codeqi.config.redisCache$$EnhancerBySpringCGLIB$$7d30fd55] is not eligible for getting processed by all BeanPostProcessors (for example: not eligible for auto-proxying)
2020-12-16 16:30:42.086 INFO  [main] --> : Bean 'org.springframework.security.access.expression.method.DefaultMethodSecurityExpressionHandler@309028af' of type [org.springframework.security.access.expression.method.DefaultMethodSecurityExpressionHandler] is not eligible for getting processed by all BeanPostProcessors (for example: not eligible for auto-proxying)
2020-12-16 16:30:42.120 INFO  [main] --> : Bean 'methodSecurityMetadataSource' of type [org.springframework.security.access.method.DelegatingMethodSecurityMetadataSource] is not eligible for getting processed by all BeanPostProcessors (for example: not eligible for auto-proxying)
2020-12-16 16:30:42.871 INFO  [main] --> : Tomcat initialized with port(s): 9001 (http)
2020-12-16 16:30:42.891 INFO  [main] --> : Initializing ProtocolHandler ["http-nio-9001"]
2020-12-16 16:30:42.893 INFO  [main] --> : Starting service [Tomcat]
2020-12-16 16:30:42.894 INFO  [main] --> : Starting Servlet engine: [Apache Tomcat/9.0.37]
2020-12-16 16:30:43.207 INFO  [main] --> : Initializing Spring embedded WebApplicationContext
2020-12-16 16:30:43.208 INFO  [main] --> : Root WebApplicationContext: initialization completed in 3840 ms
2020-12-16 16:30:43.865 INFO  [main] --> : Init DruidDataSource
2020-12-16 16:30:44.513 INFO  [main] --> : {dataSource-1} inited
2020-12-16 16:30:46.007 WARN  [main] --> : Can not find table primary key in Class: "club.codeqi.bean.user.user".
2020-12-16 16:30:46.028 WARN  [main] --> : [club.codeqi.bean.user.userMapper.insert] Has been loaded by XML or SqlProvider or Mybatis's Annotation, so ignoring this injection for [class com.baomidou.mybatisplus.core.injector.methods.Insert]
2020-12-16 16:30:46.041 WARN  [main] --> : [club.codeqi.bean.user.userMapper.delete] Has been loaded by XML or SqlProvider or Mybatis's Annotation, so ignoring this injection for [class com.baomidou.mybatisplus.core.injector.methods.Delete]
2020-12-16 16:30:46.068 WARN  [main] --> : [club.codeqi.bean.user.userMapper.update] Has been loaded by XML or SqlProvider or Mybatis's Annotation, so ignoring this injection for [class com.baomidou.mybatisplus.core.injector.methods.Update]
2020-12-16 16:30:48.097 WARN  [main] --> : Can not find table primary key in Class: "club.codeqi.bean.project.project".
2020-12-16 16:30:48.102 WARN  [main] --> : [club.codeqi.bean.project.projectMapper.insert] Has been loaded by XML or SqlProvider or Mybatis's Annotation, so ignoring this injection for [class com.baomidou.mybatisplus.core.injector.methods.Insert]
2020-12-16 16:30:48.107 WARN  [main] --> : [club.codeqi.bean.project.projectMapper.delete] Has been loaded by XML or SqlProvider or Mybatis's Annotation, so ignoring this injection for [class com.baomidou.mybatisplus.core.injector.methods.Delete]
2020-12-16 16:30:48.122 WARN  [main] --> : [club.codeqi.bean.project.projectMapper.update] Has been loaded by XML or SqlProvider or Mybatis's Annotation, so ignoring this injection for [class com.baomidou.mybatisplus.core.injector.methods.Update]
2020-12-16 16:30:48.208 WARN  [main] --> : Can not find table primary key in Class: "club.codeqi.bean.role.role".
2020-12-16 16:30:48.212 WARN  [main] --> : [club.codeqi.bean.role.roleMapper.insert] Has been loaded by XML or SqlProvider or Mybatis's Annotation, so ignoring this injection for [class com.baomidou.mybatisplus.core.injector.methods.Insert]
2020-12-16 16:30:48.215 WARN  [main] --> : [club.codeqi.bean.role.roleMapper.delete] Has been loaded by XML or SqlProvider or Mybatis's Annotation, so ignoring this injection for [class com.baomidou.mybatisplus.core.injector.methods.Delete]
2020-12-16 16:30:48.227 WARN  [main] --> : [club.codeqi.bean.role.roleMapper.update] Has been loaded by XML or SqlProvider or Mybatis's Annotation, so ignoring this injection for [class com.baomidou.mybatisplus.core.injector.methods.Update]
2020-12-16 16:30:48.681 INFO  [main] --> : Creating filter chain: any request, [org.springframework.security.web.context.request.async.WebAsyncManagerIntegrationFilter@2001e48c, org.springframework.security.web.context.SecurityContextPersistenceFilter@fd09e43, org.springframework.security.web.header.HeaderWriterFilter@478b0739, org.springframework.web.filter.CorsFilter@554c4eaa, org.springframework.security.web.authentication.logout.LogoutFilter@5f7eee96, club.codeqi.filter.JwtLoginFilter@68ddd415, club.codeqi.filter.JwtVerfyFilter@306c7bf6, org.springframework.security.web.savedrequest.RequestCacheAwareFilter@7ebe2e47, org.springframework.security.web.servletapi.SecurityContextHolderAwareRequestFilter@77429040, org.springframework.security.web.authentication.AnonymousAuthenticationFilter@664632e9, org.springframework.security.web.session.SessionManagementFilter@51f95f0d, org.springframework.security.web.access.ExceptionTranslationFilter@7edb6fca, org.springframework.security.web.access.intercept.FilterSecurityInterceptor@377874b4]
2020-12-16 16:30:49.996 INFO  [main] --> : Initializing ExecutorService 'applicationTaskExecutor'
2020-12-16 16:30:52.068 INFO  [main] --> : Starting ProtocolHandler ["http-nio-9001"]
2020-12-16 16:30:52.113 INFO  [main] --> : Tomcat started on port(s): 9001 (http) with context path ''
2020-12-16 16:30:52.137 INFO  [main] --> : Started project_jwt_authApplication in 13.772 seconds (JVM running for 15.706)
2020-12-16 16:30:54.634 INFO  [http-nio-9001-exec-1] --> : Initializing Spring DispatcherServlet 'dispatcherServlet'
2020-12-16 16:30:54.634 INFO  [http-nio-9001-exec-1] --> : Initializing Servlet 'dispatcherServlet'
2020-12-16 16:30:54.665 INFO  [http-nio-9001-exec-1] --> : Completed initialization in 31 ms
2020-12-16 16:30:54.702 DEBUG [http-nio-9001-exec-1] --> : Request is to process authentication
2020-12-16 16:30:58.610 DEBUG [http-nio-9001-exec-1] --> : ==>  Preparing: SELECT u.*, r.rid, r.role_name, r.role_info, p.perid, p.permission_code, p.permission_info FROM USER u LEFT JOIN role r ON u.role_id = r.rid LEFT JOIN permission p ON u.role_id = p.role_id WHERE username = ? 
2020-12-16 16:30:58.915 DEBUG [http-nio-9001-exec-1] --> : ==> Parameters: test02(String)
2020-12-16 16:30:58.971 DEBUG [http-nio-9001-exec-1] --> : <==      Total: 3
