2020-12-16 22:22:46.002 INFO  [main] --> : Starting project_jwt_authApplication on DESKTOP-5NPPL9S with PID 10472 (E:\ImportantPlan\项目管理\project\project_jwt_auth\target\classes started by Administrator in E:\ImportantPlan\项目管理\project)
2020-12-16 22:22:46.005 DEBUG [main] --> : Running with Spring Boot v2.3.3.RELEASE, Spring v5.2.8.RELEASE
2020-12-16 22:22:46.005 INFO  [main] --> : No active profile set, falling back to default profiles: default
2020-12-16 22:22:48.019 INFO  [main] --> : Multiple Spring Data modules found, entering strict repository configuration mode!
2020-12-16 22:22:48.072 INFO  [main] --> : Bootstrapping Spring Data Redis repositories in DEFAULT mode.
2020-12-16 22:22:48.106 INFO  [main] --> : Finished Spring Data repository scanning in 17ms. Found 0 Redis repository interfaces.
2020-12-16 22:22:48.563 INFO  [main] --> : Bean 'redisCache' of type [club.codeqi.config.redisCache$$EnhancerBySpringCGLIB$$133d28b4] is not eligible for getting processed by all BeanPostProcessors (for example: not eligible for auto-proxying)
2020-12-16 22:22:48.629 INFO  [main] --> : Bean 'org.springframework.security.access.expression.method.DefaultMethodSecurityExpressionHandler@4f824872' of type [org.springframework.security.access.expression.method.DefaultMethodSecurityExpressionHandler] is not eligible for getting processed by all BeanPostProcessors (for example: not eligible for auto-proxying)
2020-12-16 22:22:48.642 INFO  [main] --> : Bean 'methodSecurityMetadataSource' of type [org.springframework.security.access.method.DelegatingMethodSecurityMetadataSource] is not eligible for getting processed by all BeanPostProcessors (for example: not eligible for auto-proxying)
2020-12-16 22:22:48.994 INFO  [main] --> : Tomcat initialized with port(s): 9001 (http)
2020-12-16 22:22:49.005 INFO  [main] --> : Initializing ProtocolHandler ["http-nio-9001"]
2020-12-16 22:22:49.006 INFO  [main] --> : Starting service [Tomcat]
2020-12-16 22:22:49.006 INFO  [main] --> : Starting Servlet engine: [Apache Tomcat/9.0.37]
2020-12-16 22:22:49.173 INFO  [main] --> : Initializing Spring embedded WebApplicationContext
2020-12-16 22:22:49.174 INFO  [main] --> : Root WebApplicationContext: initialization completed in 3123 ms
2020-12-16 22:22:49.519 INFO  [main] --> : Init DruidDataSource
2020-12-16 22:22:49.959 INFO  [main] --> : {dataSource-1} inited
2020-12-16 22:22:51.167 WARN  [main] --> : Can not find table primary key in Class: "club.codeqi.bean.user.user".
2020-12-16 22:22:51.185 WARN  [main] --> : [club.codeqi.bean.user.userMapper.insert] Has been loaded by XML or SqlProvider or Mybatis's Annotation, so ignoring this injection for [class com.baomidou.mybatisplus.core.injector.methods.Insert]
2020-12-16 22:22:51.193 WARN  [main] --> : [club.codeqi.bean.user.userMapper.delete] Has been loaded by XML or SqlProvider or Mybatis's Annotation, so ignoring this injection for [class com.baomidou.mybatisplus.core.injector.methods.Delete]
2020-12-16 22:22:51.207 WARN  [main] --> : [club.codeqi.bean.user.userMapper.update] Has been loaded by XML or SqlProvider or Mybatis's Annotation, so ignoring this injection for [class com.baomidou.mybatisplus.core.injector.methods.Update]
2020-12-16 22:22:52.308 WARN  [main] --> : Can not find table primary key in Class: "club.codeqi.bean.project.project".
2020-12-16 22:22:52.310 WARN  [main] --> : [club.codeqi.bean.project.projectMapper.insert] Has been loaded by XML or SqlProvider or Mybatis's Annotation, so ignoring this injection for [class com.baomidou.mybatisplus.core.injector.methods.Insert]
2020-12-16 22:22:52.313 WARN  [main] --> : [club.codeqi.bean.project.projectMapper.delete] Has been loaded by XML or SqlProvider or Mybatis's Annotation, so ignoring this injection for [class com.baomidou.mybatisplus.core.injector.methods.Delete]
2020-12-16 22:22:52.319 WARN  [main] --> : [club.codeqi.bean.project.projectMapper.update] Has been loaded by XML or SqlProvider or Mybatis's Annotation, so ignoring this injection for [class com.baomidou.mybatisplus.core.injector.methods.Update]
2020-12-16 22:22:52.422 WARN  [main] --> : Can not find table primary key in Class: "club.codeqi.bean.role.role".
2020-12-16 22:22:52.424 WARN  [main] --> : [club.codeqi.bean.role.roleMapper.insert] Has been loaded by XML or SqlProvider or Mybatis's Annotation, so ignoring this injection for [class com.baomidou.mybatisplus.core.injector.methods.Insert]
2020-12-16 22:22:52.425 WARN  [main] --> : [club.codeqi.bean.role.roleMapper.delete] Has been loaded by XML or SqlProvider or Mybatis's Annotation, so ignoring this injection for [class com.baomidou.mybatisplus.core.injector.methods.Delete]
2020-12-16 22:22:52.430 WARN  [main] --> : [club.codeqi.bean.role.roleMapper.update] Has been loaded by XML or SqlProvider or Mybatis's Annotation, so ignoring this injection for [class com.baomidou.mybatisplus.core.injector.methods.Update]
2020-12-16 22:22:52.664 INFO  [main] --> : Creating filter chain: any request, [org.springframework.security.web.context.request.async.WebAsyncManagerIntegrationFilter@5438c17a, org.springframework.security.web.context.SecurityContextPersistenceFilter@3fc7c734, org.springframework.security.web.header.HeaderWriterFilter@5b39a3e6, org.springframework.web.filter.CorsFilter@4098dd77, org.springframework.security.web.authentication.logout.LogoutFilter@27e2287c, club.codeqi.filter.JwtLoginFilter@b9d018b, club.codeqi.filter.JwtVerfyFilter@429aeac1, org.springframework.security.web.savedrequest.RequestCacheAwareFilter@460b50df, org.springframework.security.web.servletapi.SecurityContextHolderAwareRequestFilter@104dc1a2, org.springframework.security.web.authentication.AnonymousAuthenticationFilter@79eeff87, org.springframework.security.web.session.SessionManagementFilter@34208baa, org.springframework.security.web.access.ExceptionTranslationFilter@11b32a14, org.springframework.security.web.access.intercept.FilterSecurityInterceptor@28e0e464]
2020-12-16 22:22:53.154 INFO  [main] --> : Initializing ExecutorService 'applicationTaskExecutor'
2020-12-16 22:22:54.259 INFO  [main] --> : Starting ProtocolHandler ["http-nio-9001"]
2020-12-16 22:22:54.284 INFO  [main] --> : Tomcat started on port(s): 9001 (http) with context path ''
2020-12-16 22:22:54.294 INFO  [main] --> : Started project_jwt_authApplication in 9.063 seconds (JVM running for 10.498)
2020-12-16 22:27:01.749 INFO  [main] --> : Starting project_jwt_authApplication on DESKTOP-5NPPL9S with PID 2652 (E:\ImportantPlan\项目管理\project\project_jwt_auth\target\classes started by Administrator in E:\ImportantPlan\项目管理\project)
2020-12-16 22:27:01.752 DEBUG [main] --> : Running with Spring Boot v2.3.3.RELEASE, Spring v5.2.8.RELEASE
2020-12-16 22:27:01.753 INFO  [main] --> : No active profile set, falling back to default profiles: default
2020-12-16 22:27:02.790 INFO  [main] --> : Multiple Spring Data modules found, entering strict repository configuration mode!
2020-12-16 22:27:02.793 INFO  [main] --> : Bootstrapping Spring Data Redis repositories in DEFAULT mode.
2020-12-16 22:27:02.825 INFO  [main] --> : Finished Spring Data repository scanning in 16ms. Found 0 Redis repository interfaces.
2020-12-16 22:27:03.322 INFO  [main] --> : Bean 'redisCache' of type [club.codeqi.config.redisCache$$EnhancerBySpringCGLIB$$133d28b4] is not eligible for getting processed by all BeanPostProcessors (for example: not eligible for auto-proxying)
2020-12-16 22:27:03.389 INFO  [main] --> : Bean 'org.springframework.security.access.expression.method.DefaultMethodSecurityExpressionHandler@4f824872' of type [org.springframework.security.access.expression.method.DefaultMethodSecurityExpressionHandler] is not eligible for getting processed by all BeanPostProcessors (for example: not eligible for auto-proxying)
2020-12-16 22:27:03.403 INFO  [main] --> : Bean 'methodSecurityMetadataSource' of type [org.springframework.security.access.method.DelegatingMethodSecurityMetadataSource] is not eligible for getting processed by all BeanPostProcessors (for example: not eligible for auto-proxying)
2020-12-16 22:27:03.797 INFO  [main] --> : Tomcat initialized with port(s): 9001 (http)
2020-12-16 22:27:03.807 INFO  [main] --> : Initializing ProtocolHandler ["http-nio-9001"]
2020-12-16 22:27:03.808 INFO  [main] --> : Starting service [Tomcat]
2020-12-16 22:27:03.809 INFO  [main] --> : Starting Servlet engine: [Apache Tomcat/9.0.37]
2020-12-16 22:27:03.994 INFO  [main] --> : Initializing Spring embedded WebApplicationContext
2020-12-16 22:27:03.994 INFO  [main] --> : Root WebApplicationContext: initialization completed in 2199 ms
2020-12-16 22:27:04.454 INFO  [main] --> : Init DruidDataSource
2020-12-16 22:27:04.771 INFO  [main] --> : {dataSource-1} inited
2020-12-16 22:27:06.047 WARN  [main] --> : Can not find table primary key in Class: "club.codeqi.bean.user.user".
2020-12-16 22:27:06.085 WARN  [main] --> : [club.codeqi.bean.user.userMapper.insert] Has been loaded by XML or SqlProvider or Mybatis's Annotation, so ignoring this injection for [class com.baomidou.mybatisplus.core.injector.methods.Insert]
2020-12-16 22:27:06.093 WARN  [main] --> : [club.codeqi.bean.user.userMapper.delete] Has been loaded by XML or SqlProvider or Mybatis's Annotation, so ignoring this injection for [class com.baomidou.mybatisplus.core.injector.methods.Delete]
2020-12-16 22:27:06.106 WARN  [main] --> : [club.codeqi.bean.user.userMapper.update] Has been loaded by XML or SqlProvider or Mybatis's Annotation, so ignoring this injection for [class com.baomidou.mybatisplus.core.injector.methods.Update]
2020-12-16 22:27:07.605 WARN  [main] --> : Can not find table primary key in Class: "club.codeqi.bean.project.project".
2020-12-16 22:27:07.608 WARN  [main] --> : [club.codeqi.bean.project.projectMapper.insert] Has been loaded by XML or SqlProvider or Mybatis's Annotation, so ignoring this injection for [class com.baomidou.mybatisplus.core.injector.methods.Insert]
2020-12-16 22:27:07.610 WARN  [main] --> : [club.codeqi.bean.project.projectMapper.delete] Has been loaded by XML or SqlProvider or Mybatis's Annotation, so ignoring this injection for [class com.baomidou.mybatisplus.core.injector.methods.Delete]
2020-12-16 22:27:07.620 WARN  [main] --> : [club.codeqi.bean.project.projectMapper.update] Has been loaded by XML or SqlProvider or Mybatis's Annotation, so ignoring this injection for [class com.baomidou.mybatisplus.core.injector.methods.Update]
2020-12-16 22:27:07.680 WARN  [main] --> : Can not find table primary key in Class: "club.codeqi.bean.role.role".
2020-12-16 22:27:07.693 WARN  [main] --> : [club.codeqi.bean.role.roleMapper.insert] Has been loaded by XML or SqlProvider or Mybatis's Annotation, so ignoring this injection for [class com.baomidou.mybatisplus.core.injector.methods.Insert]
2020-12-16 22:27:07.696 WARN  [main] --> : [club.codeqi.bean.role.roleMapper.delete] Has been loaded by XML or SqlProvider or Mybatis's Annotation, so ignoring this injection for [class com.baomidou.mybatisplus.core.injector.methods.Delete]
2020-12-16 22:27:07.702 WARN  [main] --> : [club.codeqi.bean.role.roleMapper.update] Has been loaded by XML or SqlProvider or Mybatis's Annotation, so ignoring this injection for [class com.baomidou.mybatisplus.core.injector.methods.Update]
2020-12-16 22:27:07.918 INFO  [main] --> : Creating filter chain: any request, [org.springframework.security.web.context.request.async.WebAsyncManagerIntegrationFilter@7a8341c1, org.springframework.security.web.context.SecurityContextPersistenceFilter@217c23ce, org.springframework.security.web.header.HeaderWriterFilter@76e90da5, org.springframework.web.filter.CorsFilter@4098dd77, org.springframework.security.web.authentication.logout.LogoutFilter@4f2d014a, club.codeqi.filter.JwtLoginFilter@ca8ef3a, club.codeqi.filter.JwtVerfyFilter@17043b04, org.springframework.security.web.savedrequest.RequestCacheAwareFilter@47148f3f, org.springframework.security.web.servletapi.SecurityContextHolderAwareRequestFilter@17229821, org.springframework.security.web.authentication.AnonymousAuthenticationFilter@511f5b1d, org.springframework.security.web.session.SessionManagementFilter@67cffead, org.springframework.security.web.access.ExceptionTranslationFilter@4207852d, org.springframework.security.web.access.intercept.FilterSecurityInterceptor@1c93b51e]
2020-12-16 22:27:08.526 INFO  [main] --> : Initializing ExecutorService 'applicationTaskExecutor'
2020-12-16 22:27:09.274 INFO  [main] --> : Starting SMS_SendApplication on DESKTOP-5NPPL9S with PID 3392 (E:\ImportantPlan\项目管理\project\SMS_Send\target\classes started by Administrator in E:\ImportantPlan\项目管理\project)
2020-12-16 22:27:09.277 DEBUG [main] --> : Running with Spring Boot v2.3.3.RELEASE, Spring v5.2.8.RELEASE
2020-12-16 22:27:09.278 INFO  [main] --> : No active profile set, falling back to default profiles: default
2020-12-16 22:27:10.015 INFO  [main] --> : Starting ProtocolHandler ["http-nio-9001"]
2020-12-16 22:27:10.041 INFO  [main] --> : Tomcat started on port(s): 9001 (http) with context path ''
2020-12-16 22:27:10.052 INFO  [main] --> : Started project_jwt_authApplication in 9.029 seconds (JVM running for 10.638)
2020-12-16 22:27:10.295 INFO  [main] --> : Multiple Spring Data modules found, entering strict repository configuration mode!
2020-12-16 22:27:10.297 INFO  [main] --> : Bootstrapping Spring Data Redis repositories in DEFAULT mode.
2020-12-16 22:27:10.324 INFO  [main] --> : Finished Spring Data repository scanning in 10ms. Found 0 Redis repository interfaces.
2020-12-16 22:27:10.461 WARN  [main] --> : No MyBatis mapper was found in '[club.codeqi]' package. Please check your configuration.
2020-12-16 22:27:10.793 INFO  [main] --> : Bean 'org.springframework.security.access.expression.method.DefaultMethodSecurityExpressionHandler@6dcd5639' of type [org.springframework.security.access.expression.method.DefaultMethodSecurityExpressionHandler] is not eligible for getting processed by all BeanPostProcessors (for example: not eligible for auto-proxying)
2020-12-16 22:27:10.807 INFO  [main] --> : Bean 'methodSecurityMetadataSource' of type [org.springframework.security.access.method.DelegatingMethodSecurityMetadataSource] is not eligible for getting processed by all BeanPostProcessors (for example: not eligible for auto-proxying)
2020-12-16 22:27:11.160 INFO  [main] --> : Tomcat initialized with port(s): 9002 (http)
2020-12-16 22:27:11.186 INFO  [main] --> : Initializing ProtocolHandler ["http-nio-9002"]
2020-12-16 22:27:11.187 INFO  [main] --> : Starting service [Tomcat]
2020-12-16 22:27:11.188 INFO  [main] --> : Starting Servlet engine: [Apache Tomcat/9.0.37]
2020-12-16 22:27:11.332 INFO  [main] --> : Initializing Spring embedded WebApplicationContext
2020-12-16 22:27:11.332 INFO  [main] --> : Root WebApplicationContext: initialization completed in 2003 ms
2020-12-16 22:27:11.745 INFO  [main] --> : 

Using generated security password: 2d24c8d3-0f34-4ef0-b916-e7d8c7d9f28b

2020-12-16 22:27:11.837 INFO  [main] --> : Creating filter chain: any request, [org.springframework.security.web.context.request.async.WebAsyncManagerIntegrationFilter@4b97c4ad, org.springframework.security.web.context.SecurityContextPersistenceFilter@5f0f9947, org.springframework.security.web.header.HeaderWriterFilter@6cff61fc, org.springframework.web.filter.CorsFilter@6ba30587, org.springframework.security.web.authentication.logout.LogoutFilter@2b680207, club.codeqi.filter.JwtVerfyFilter@7640a5b1, org.springframework.security.web.savedrequest.RequestCacheAwareFilter@c3edf4c, org.springframework.security.web.servletapi.SecurityContextHolderAwareRequestFilter@28da7d11, org.springframework.security.web.authentication.AnonymousAuthenticationFilter@642f9a77, org.springframework.security.web.session.SessionManagementFilter@6c3659be, org.springframework.security.web.access.ExceptionTranslationFilter@30b131b2, org.springframework.security.web.access.intercept.FilterSecurityInterceptor@41eb94bc]
2020-12-16 22:27:12.071 INFO  [main] --> : Initializing ExecutorService 'applicationTaskExecutor'
2020-12-16 22:27:12.476 INFO  [main] --> : Init DruidDataSource
2020-12-16 22:27:12.566 INFO  [main] --> : {dataSource-1} inited
2020-12-16 22:27:15.147 INFO  [main] --> : Starting ProtocolHandler ["http-nio-9002"]
2020-12-16 22:27:15.170 INFO  [main] --> : Tomcat started on port(s): 9002 (http) with context path ''
2020-12-16 22:27:15.173 INFO  [main] --> : Attempting to connect to: [192.168.244.131:5672]
2020-12-16 22:27:15.216 INFO  [main] --> : Created new connection: rabbitConnectionFactory#31f295b6:0/SimpleConnection@6a7a1a0d [delegate=amqp://admin@192.168.244.131:5672//admin, localPort= 57812]
2020-12-16 22:27:15.280 INFO  [main] --> : Started SMS_SendApplication in 6.696 seconds (JVM running for 8.014)
2020-12-16 22:27:21.624 INFO  [http-nio-9001-exec-1] --> : Initializing Spring DispatcherServlet 'dispatcherServlet'
2020-12-16 22:27:21.625 INFO  [http-nio-9001-exec-1] --> : Initializing Servlet 'dispatcherServlet'
2020-12-16 22:27:21.640 INFO  [http-nio-9001-exec-1] --> : Completed initialization in 15 ms
2020-12-16 22:27:21.827 INFO  [http-nio-9001-exec-1] --> : -------------------请求开始--------------------------
2020-12-16 22:27:21.828 INFO  [http-nio-9001-exec-1] --> : 请求路径: http://localhost:9001/userinfo  GET
请求内容:{}
2020-12-16 22:27:21.829 INFO  [http-nio-9001-exec-1] --> : -------------AOP向消息队列发送短信开始-------------------
2020-12-16 22:27:21.830 INFO  [http-nio-9001-exec-1] --> : 向消息队列中发送消息：消息队列: hello, 消息内容: SMS{phone='17721330304', code='1216'}
2020-12-16 22:27:21.834 INFO  [http-nio-9001-exec-1] --> : Attempting to connect to: [192.168.244.131:5672]
2020-12-16 22:27:21.867 INFO  [http-nio-9001-exec-1] --> : Created new connection: rabbitConnectionFactory#2489e84a:0/SimpleConnection@643b05b1 [delegate=amqp://admin@192.168.244.131:5672//admin, localPort= 57821]
2020-12-16 22:27:21.901 INFO  [http-nio-9001-exec-1] --> : --------------------AOP向消息队列发送短信结束-------------------------
2020-12-16 22:27:21.902 INFO  [http-nio-9001-exec-1] --> : 请求结果：{result=200, expire=Thu Dec 17 21:42:34 CST 2020, userinfo=user{uid=4, username='test02', password='', role_id=2, is_lock=0, create_time=Wed Dec 02 22:44:53 CST 2020, userrole=null, permissions=[permission{perid=22, role_id=null, permission_code='userManager', create_time=null, permission_info='用户管理'}, permission{perid=23, role_id=null, permission_code='project', create_time=null, permission_info='项目管理'}, permission{perid=24, role_id=null, permission_code='user', create_time=null, permission_info='普通用户'}]}, token=Bearer eyJhbGciOiJSUzI1NiJ9.eyJ1c2VyIjoie1widWlkXCI6NCxcInVzZXJuYW1lXCI6XCJ0ZXN0MDJcIixcInBhc3N3b3JkXCI6XCJcIixcInJvbGVfaWRcIjoyLFwiaXNfbG9ja1wiOjAsXCJjcmVhdGVfdGltZVwiOjE2MDY5MjAyOTMwMDAsXCJ1c2Vycm9sZVwiOm51bGwsXCJwZXJtaXNzaW9uc1wiOlt7XCJwZXJpZFwiOjIyLFwicm9sZV9pZFwiOm51bGwsXCJwZXJtaXNzaW9uX2NvZGVcIjpcInVzZXJNYW5hZ2VyXCIsXCJjcmVhdGVfdGltZVwiOm51bGwsXCJwZXJtaXNzaW9uX2luZm9cIjpcIueUqOaIt-euoeeQhlwifSx7XCJwZXJpZFwiOjIzLFwicm9sZV9pZFwiOm51bGwsXCJwZXJtaXNzaW9uX2NvZGVcIjpcInByb2plY3RcIixcImNyZWF0ZV90aW1lXCI6bnVsbCxcInBlcm1pc3Npb25faW5mb1wiOlwi6aG555uu566h55CGXCJ9LHtcInBlcmlkXCI6MjQsXCJyb2xlX2lkXCI6bnVsbCxcInBlcm1pc3Npb25fY29kZVwiOlwidXNlclwiLFwiY3JlYXRlX3RpbWVcIjpudWxsLFwicGVybWlzc2lvbl9pbmZvXCI6XCLmma7pgJrnlKjmiLdcIn1dfSIsImp0aSI6Ik5qVTJNRFEyT0RFdE1EZ3dZUzAwWVRGaExUaGlZV0V0T0dRM00ySXpPRFE1WkdZdyIsImV4cCI6MTYwODIxMjU1NH0.d0-fIPo7Er8K3qQZSLxjSqiuKVnC9HRnbS9PbwYzeGhWCj6D0Yp_d8uMecQiMABQGYXGvrYKMnsIbeFo6NPD2AJbbe6QzM-cMYs5726s6QN12NWPqqpZnRUW-UHc8O01sC0YAYdjGvWThlrbTwMJ1mrkBRxXZAl9QPzEuRm4tQ9jC5ZLsXFuJUKtglFI9GhIJwxaBRi5Z7i5CPjttC90MvSYzei_IqAsgqKMH8TvjdlBZCY-z3uBbQB9ip1D6WVzjWsWGRRvk34iJg_soX_rNNSmYeq5OuAdLGX2HzSx2978G640p2aKF7k8KlNcmaTscxtNPqOznQPhGV1sHPprcQ}
2020-12-16 22:27:21.902 INFO  [http-nio-9001-exec-1] --> : --------------------请求结束-------------------------
2020-12-16 22:27:21.912 WARN  [org.springframework.amqp.rabbit.RabbitListenerEndpointContainer#0-1] --> : Execution of Rabbit message listener failed.
org.springframework.amqp.rabbit.support.ListenerExecutionFailedException: Listener threw exception
	at org.springframework.amqp.rabbit.listener.AbstractMessageListenerContainer.wrapToListenerExecutionFailedExceptionIfNeeded(AbstractMessageListenerContainer.java:1705)
	at org.springframework.amqp.rabbit.listener.AbstractMessageListenerContainer.doInvokeListener(AbstractMessageListenerContainer.java:1595)
	at org.springframework.amqp.rabbit.listener.AbstractMessageListenerContainer.actualInvokeListener(AbstractMessageListenerContainer.java:1510)
	at org.springframework.amqp.rabbit.listener.AbstractMessageListenerContainer.invokeListener(AbstractMessageListenerContainer.java:1498)
	at org.springframework.amqp.rabbit.listener.AbstractMessageListenerContainer.doExecuteListener(AbstractMessageListenerContainer.java:1489)
	at org.springframework.amqp.rabbit.listener.AbstractMessageListenerContainer.executeListener(AbstractMessageListenerContainer.java:1433)
	at org.springframework.amqp.rabbit.listener.SimpleMessageListenerContainer.doReceiveAndExecute(SimpleMessageListenerContainer.java:970)
	at org.springframework.amqp.rabbit.listener.SimpleMessageListenerContainer.receiveAndExecute(SimpleMessageListenerContainer.java:916)
	at org.springframework.amqp.rabbit.listener.SimpleMessageListenerContainer.access$1600(SimpleMessageListenerContainer.java:83)
	at org.springframework.amqp.rabbit.listener.SimpleMessageListenerContainer$AsyncMessageProcessingConsumer.mainLoop(SimpleMessageListenerContainer.java:1291)
	at org.springframework.amqp.rabbit.listener.SimpleMessageListenerContainer$AsyncMessageProcessingConsumer.run(SimpleMessageListenerContainer.java:1197)
	at java.lang.Thread.run(Thread.java:748)
Caused by: org.springframework.amqp.support.converter.MessageConversionException: failed to convert serialized Message content
	at org.springframework.amqp.support.converter.SimpleMessageConverter.fromMessage(SimpleMessageConverter.java:114)
	at org.springframework.amqp.rabbit.listener.adapter.AbstractAdaptableMessageListener.extractMessage(AbstractAdaptableMessageListener.java:302)
	at org.springframework.amqp.rabbit.listener.adapter.MessagingMessageListenerAdapter$MessagingMessageConverterAdapter.extractPayload(MessagingMessageListenerAdapter.java:323)
	at org.springframework.amqp.support.converter.MessagingMessageConverter.fromMessage(MessagingMessageConverter.java:130)
	at org.springframework.amqp.rabbit.listener.adapter.MessagingMessageListenerAdapter.toMessagingMessage(MessagingMessageListenerAdapter.java:205)
	at org.springframework.amqp.rabbit.listener.adapter.MessagingMessageListenerAdapter.onMessage(MessagingMessageListenerAdapter.java:132)
	at org.springframework.amqp.rabbit.listener.AbstractMessageListenerContainer.doInvokeListener(AbstractMessageListenerContainer.java:1591)
	... 10 common frames omitted
Caused by: java.lang.IllegalStateException: Could not deserialize object type
	at org.springframework.amqp.utils.SerializationUtils.deserialize(SerializationUtils.java:97)
	at org.springframework.amqp.support.converter.SimpleMessageConverter.fromMessage(SimpleMessageConverter.java:110)
	... 16 common frames omitted
Caused by: java.lang.ClassNotFoundException: club.codeqi.Aspect.user.SMS
	at java.net.URLClassLoader.findClass(URLClassLoader.java:382)
	at java.lang.ClassLoader.loadClass(ClassLoader.java:424)
	at sun.misc.Launcher$AppClassLoader.loadClass(Launcher.java:349)
	at java.lang.ClassLoader.loadClass(ClassLoader.java:357)
	at java.lang.Class.forName0(Native Method)
	at java.lang.Class.forName(Class.java:348)
	at org.springframework.util.ClassUtils.forName(ClassUtils.java:284)
	at org.springframework.core.ConfigurableObjectInputStream.resolveClass(ConfigurableObjectInputStream.java:76)
	at org.springframework.amqp.support.converter.SimpleMessageConverter$1.resolveClass(SimpleMessageConverter.java:178)
	at java.io.ObjectInputStream.readNonProxyDesc(ObjectInputStream.java:1868)
	at java.io.ObjectInputStream.readClassDesc(ObjectInputStream.java:1751)
	at java.io.ObjectInputStream.readOrdinaryObject(ObjectInputStream.java:2042)
	at java.io.ObjectInputStream.readObject0(ObjectInputStream.java:1573)
	at java.io.ObjectInputStream.readObject(ObjectInputStream.java:431)
	at org.springframework.amqp.utils.SerializationUtils.deserialize(SerializationUtils.java:91)
	... 17 common frames omitted
2020-12-16 22:27:21.914 WARN  [org.springframework.amqp.rabbit.RabbitListenerEndpointContainer#0-1] --> : Fatal message conversion error; message rejected; it will be dropped or routed to a dead letter exchange, if so configured: (Body:'[B@6e4e6471(byte[110])' MessageProperties [headers={}, contentType=application/x-java-serialized-object, contentLength=0, receivedDeliveryMode=PERSISTENT, priority=0, redelivered=false, receivedExchange=, receivedRoutingKey=hello, deliveryTag=1, consumerTag=amq.ctag-UvhxXVo04rm7HtqNEocU7A, consumerQueue=hello])
2020-12-16 22:27:21.915 ERROR [org.springframework.amqp.rabbit.RabbitListenerEndpointContainer#0-1] --> : Execution of Rabbit message listener failed, and the error handler threw an exception
org.springframework.amqp.AmqpRejectAndDontRequeueException: Error Handler converted exception to fatal
	at org.springframework.amqp.rabbit.listener.ConditionalRejectingErrorHandler.handleError(ConditionalRejectingErrorHandler.java:116)
	at org.springframework.amqp.rabbit.listener.AbstractMessageListenerContainer.invokeErrorHandler(AbstractMessageListenerContainer.java:1395)
	at org.springframework.amqp.rabbit.listener.AbstractMessageListenerContainer.handleListenerException(AbstractMessageListenerContainer.java:1679)
	at org.springframework.amqp.rabbit.listener.AbstractMessageListenerContainer.executeListener(AbstractMessageListenerContainer.java:1454)
	at org.springframework.amqp.rabbit.listener.SimpleMessageListenerContainer.doReceiveAndExecute(SimpleMessageListenerContainer.java:970)
	at org.springframework.amqp.rabbit.listener.SimpleMessageListenerContainer.receiveAndExecute(SimpleMessageListenerContainer.java:916)
	at org.springframework.amqp.rabbit.listener.SimpleMessageListenerContainer.access$1600(SimpleMessageListenerContainer.java:83)
	at org.springframework.amqp.rabbit.listener.SimpleMessageListenerContainer$AsyncMessageProcessingConsumer.mainLoop(SimpleMessageListenerContainer.java:1291)
	at org.springframework.amqp.rabbit.listener.SimpleMessageListenerContainer$AsyncMessageProcessingConsumer.run(SimpleMessageListenerContainer.java:1197)
	at java.lang.Thread.run(Thread.java:748)
Caused by: org.springframework.amqp.rabbit.support.ListenerExecutionFailedException: Listener threw exception
	at org.springframework.amqp.rabbit.listener.AbstractMessageListenerContainer.wrapToListenerExecutionFailedExceptionIfNeeded(AbstractMessageListenerContainer.java:1705)
	at org.springframework.amqp.rabbit.listener.AbstractMessageListenerContainer.doInvokeListener(AbstractMessageListenerContainer.java:1595)
	at org.springframework.amqp.rabbit.listener.AbstractMessageListenerContainer.actualInvokeListener(AbstractMessageListenerContainer.java:1510)
	at org.springframework.amqp.rabbit.listener.AbstractMessageListenerContainer.invokeListener(AbstractMessageListenerContainer.java:1498)
	at org.springframework.amqp.rabbit.listener.AbstractMessageListenerContainer.doExecuteListener(AbstractMessageListenerContainer.java:1489)
	at org.springframework.amqp.rabbit.listener.AbstractMessageListenerContainer.executeListener(AbstractMessageListenerContainer.java:1433)
	... 6 common frames omitted
Caused by: org.springframework.amqp.support.converter.MessageConversionException: failed to convert serialized Message content
	at org.springframework.amqp.support.converter.SimpleMessageConverter.fromMessage(SimpleMessageConverter.java:114)
	at org.springframework.amqp.rabbit.listener.adapter.AbstractAdaptableMessageListener.extractMessage(AbstractAdaptableMessageListener.java:302)
	at org.springframework.amqp.rabbit.listener.adapter.MessagingMessageListenerAdapter$MessagingMessageConverterAdapter.extractPayload(MessagingMessageListenerAdapter.java:323)
	at org.springframework.amqp.support.converter.MessagingMessageConverter.fromMessage(MessagingMessageConverter.java:130)
	at org.springframework.amqp.rabbit.listener.adapter.MessagingMessageListenerAdapter.toMessagingMessage(MessagingMessageListenerAdapter.java:205)
	at org.springframework.amqp.rabbit.listener.adapter.MessagingMessageListenerAdapter.onMessage(MessagingMessageListenerAdapter.java:132)
	at org.springframework.amqp.rabbit.listener.AbstractMessageListenerContainer.doInvokeListener(AbstractMessageListenerContainer.java:1591)
	... 10 common frames omitted
Caused by: java.lang.IllegalStateException: Could not deserialize object type
	at org.springframework.amqp.utils.SerializationUtils.deserialize(SerializationUtils.java:97)
	at org.springframework.amqp.support.converter.SimpleMessageConverter.fromMessage(SimpleMessageConverter.java:110)
	... 16 common frames omitted
Caused by: java.lang.ClassNotFoundException: club.codeqi.Aspect.user.SMS
	at java.net.URLClassLoader.findClass(URLClassLoader.java:382)
	at java.lang.ClassLoader.loadClass(ClassLoader.java:424)
	at sun.misc.Launcher$AppClassLoader.loadClass(Launcher.java:349)
	at java.lang.ClassLoader.loadClass(ClassLoader.java:357)
	at java.lang.Class.forName0(Native Method)
	at java.lang.Class.forName(Class.java:348)
	at org.springframework.util.ClassUtils.forName(ClassUtils.java:284)
	at org.springframework.core.ConfigurableObjectInputStream.resolveClass(ConfigurableObjectInputStream.java:76)
	at org.springframework.amqp.support.converter.SimpleMessageConverter$1.resolveClass(SimpleMessageConverter.java:178)
	at java.io.ObjectInputStream.readNonProxyDesc(ObjectInputStream.java:1868)
	at java.io.ObjectInputStream.readClassDesc(ObjectInputStream.java:1751)
	at java.io.ObjectInputStream.readOrdinaryObject(ObjectInputStream.java:2042)
	at java.io.ObjectInputStream.readObject0(ObjectInputStream.java:1573)
	at java.io.ObjectInputStream.readObject(ObjectInputStream.java:431)
	at org.springframework.amqp.utils.SerializationUtils.deserialize(SerializationUtils.java:91)
	... 17 common frames omitted
2020-12-16 22:28:11.937 INFO  [main] --> : Starting project_jwt_authApplication on DESKTOP-5NPPL9S with PID 14384 (E:\ImportantPlan\项目管理\project\project_jwt_auth\target\classes started by Administrator in E:\ImportantPlan\项目管理\project)
2020-12-16 22:28:11.939 DEBUG [main] --> : Running with Spring Boot v2.3.3.RELEASE, Spring v5.2.8.RELEASE
2020-12-16 22:28:11.940 INFO  [main] --> : No active profile set, falling back to default profiles: default
2020-12-16 22:28:12.759 INFO  [main] --> : Multiple Spring Data modules found, entering strict repository configuration mode!
2020-12-16 22:28:12.761 INFO  [main] --> : Bootstrapping Spring Data Redis repositories in DEFAULT mode.
2020-12-16 22:28:12.793 INFO  [main] --> : Finished Spring Data repository scanning in 16ms. Found 0 Redis repository interfaces.
2020-12-16 22:28:13.216 INFO  [main] --> : Bean 'redisCache' of type [club.codeqi.config.redisCache$$EnhancerBySpringCGLIB$$133d28b4] is not eligible for getting processed by all BeanPostProcessors (for example: not eligible for auto-proxying)
2020-12-16 22:28:13.283 INFO  [main] --> : Bean 'org.springframework.security.access.expression.method.DefaultMethodSecurityExpressionHandler@29629fbb' of type [org.springframework.security.access.expression.method.DefaultMethodSecurityExpressionHandler] is not eligible for getting processed by all BeanPostProcessors (for example: not eligible for auto-proxying)
2020-12-16 22:28:13.295 INFO  [main] --> : Bean 'methodSecurityMetadataSource' of type [org.springframework.security.access.method.DelegatingMethodSecurityMetadataSource] is not eligible for getting processed by all BeanPostProcessors (for example: not eligible for auto-proxying)
2020-12-16 22:28:13.630 INFO  [main] --> : Tomcat initialized with port(s): 9001 (http)
2020-12-16 22:28:13.639 INFO  [main] --> : Initializing ProtocolHandler ["http-nio-9001"]
2020-12-16 22:28:13.639 INFO  [main] --> : Starting service [Tomcat]
2020-12-16 22:28:13.639 INFO  [main] --> : Starting Servlet engine: [Apache Tomcat/9.0.37]
2020-12-16 22:28:13.786 INFO  [main] --> : Initializing Spring embedded WebApplicationContext
2020-12-16 22:28:13.786 INFO  [main] --> : Root WebApplicationContext: initialization completed in 1799 ms
2020-12-16 22:28:14.105 INFO  [main] --> : Init DruidDataSource
2020-12-16 22:28:14.413 INFO  [main] --> : {dataSource-1} inited
2020-12-16 22:28:15.406 WARN  [main] --> : Can not find table primary key in Class: "club.codeqi.bean.user.user".
2020-12-16 22:28:15.416 WARN  [main] --> : [club.codeqi.bean.user.userMapper.insert] Has been loaded by XML or SqlProvider or Mybatis's Annotation, so ignoring this injection for [class com.baomidou.mybatisplus.core.injector.methods.Insert]
2020-12-16 22:28:15.422 WARN  [main] --> : [club.codeqi.bean.user.userMapper.delete] Has been loaded by XML or SqlProvider or Mybatis's Annotation, so ignoring this injection for [class com.baomidou.mybatisplus.core.injector.methods.Delete]
2020-12-16 22:28:15.442 WARN  [main] --> : [club.codeqi.bean.user.userMapper.update] Has been loaded by XML or SqlProvider or Mybatis's Annotation, so ignoring this injection for [class com.baomidou.mybatisplus.core.injector.methods.Update]
2020-12-16 22:28:16.555 WARN  [main] --> : Can not find table primary key in Class: "club.codeqi.bean.project.project".
2020-12-16 22:28:16.557 WARN  [main] --> : [club.codeqi.bean.project.projectMapper.insert] Has been loaded by XML or SqlProvider or Mybatis's Annotation, so ignoring this injection for [class com.baomidou.mybatisplus.core.injector.methods.Insert]
2020-12-16 22:28:16.559 WARN  [main] --> : [club.codeqi.bean.project.projectMapper.delete] Has been loaded by XML or SqlProvider or Mybatis's Annotation, so ignoring this injection for [class com.baomidou.mybatisplus.core.injector.methods.Delete]
2020-12-16 22:28:16.565 WARN  [main] --> : [club.codeqi.bean.project.projectMapper.update] Has been loaded by XML or SqlProvider or Mybatis's Annotation, so ignoring this injection for [class com.baomidou.mybatisplus.core.injector.methods.Update]
2020-12-16 22:28:16.628 WARN  [main] --> : Can not find table primary key in Class: "club.codeqi.bean.role.role".
2020-12-16 22:28:16.630 WARN  [main] --> : [club.codeqi.bean.role.roleMapper.insert] Has been loaded by XML or SqlProvider or Mybatis's Annotation, so ignoring this injection for [class com.baomidou.mybatisplus.core.injector.methods.Insert]
2020-12-16 22:28:16.631 WARN  [main] --> : [club.codeqi.bean.role.roleMapper.delete] Has been loaded by XML or SqlProvider or Mybatis's Annotation, so ignoring this injection for [class com.baomidou.mybatisplus.core.injector.methods.Delete]
2020-12-16 22:28:16.638 WARN  [main] --> : [club.codeqi.bean.role.roleMapper.update] Has been loaded by XML or SqlProvider or Mybatis's Annotation, so ignoring this injection for [class com.baomidou.mybatisplus.core.injector.methods.Update]
2020-12-16 22:28:16.992 INFO  [main] --> : Creating filter chain: any request, [org.springframework.security.web.context.request.async.WebAsyncManagerIntegrationFilter@5e230fc6, org.springframework.security.web.context.SecurityContextPersistenceFilter@1ff15a50, org.springframework.security.web.header.HeaderWriterFilter@839df62, org.springframework.web.filter.CorsFilter@4098dd77, org.springframework.security.web.authentication.logout.LogoutFilter@d611f1c, club.codeqi.filter.JwtLoginFilter@7a8341c1, club.codeqi.filter.JwtVerfyFilter@ca8ef3a, org.springframework.security.web.savedrequest.RequestCacheAwareFilter@39de9bda, org.springframework.security.web.servletapi.SecurityContextHolderAwareRequestFilter@7e7e962d, org.springframework.security.web.authentication.AnonymousAuthenticationFilter@17043b04, org.springframework.security.web.session.SessionManagementFilter@4e3e11b9, org.springframework.security.web.access.ExceptionTranslationFilter@9dada78, org.springframework.security.web.access.intercept.FilterSecurityInterceptor@7ea2412c]
2020-12-16 22:28:17.549 INFO  [main] --> : Initializing ExecutorService 'applicationTaskExecutor'
2020-12-16 22:28:18.511 INFO  [main] --> : Starting ProtocolHandler ["http-nio-9001"]
2020-12-16 22:28:18.534 INFO  [main] --> : Tomcat started on port(s): 9001 (http) with context path ''
2020-12-16 22:28:18.544 INFO  [main] --> : Started project_jwt_authApplication in 7.287 seconds (JVM running for 8.573)
2020-12-16 22:28:41.333 INFO  [main] --> : Starting SMS_SendApplication on DESKTOP-5NPPL9S with PID 14700 (E:\ImportantPlan\项目管理\project\SMS_Send\target\classes started by Administrator in E:\ImportantPlan\项目管理\project)
2020-12-16 22:28:41.337 DEBUG [main] --> : Running with Spring Boot v2.3.3.RELEASE, Spring v5.2.8.RELEASE
2020-12-16 22:28:41.337 INFO  [main] --> : No active profile set, falling back to default profiles: default
2020-12-16 22:28:42.060 INFO  [http-nio-9001-exec-1] --> : Initializing Spring DispatcherServlet 'dispatcherServlet'
2020-12-16 22:28:42.060 INFO  [http-nio-9001-exec-1] --> : Initializing Servlet 'dispatcherServlet'
2020-12-16 22:28:42.074 INFO  [http-nio-9001-exec-1] --> : Completed initialization in 14 ms
2020-12-16 22:28:42.411 INFO  [http-nio-9001-exec-1] --> : -------------------请求开始--------------------------
2020-12-16 22:28:42.412 INFO  [http-nio-9001-exec-1] --> : 请求路径: http://localhost:9001/userinfo  GET
请求内容:{}
2020-12-16 22:28:42.413 INFO  [http-nio-9001-exec-1] --> : -------------AOP向消息队列发送短信开始-------------------
2020-12-16 22:28:42.414 INFO  [http-nio-9001-exec-1] --> : 向消息队列中发送消息：消息队列: hello, 消息内容: SMS{phone='17721330304', code='1216'}
2020-12-16 22:28:42.422 INFO  [http-nio-9001-exec-1] --> : Attempting to connect to: [192.168.244.131:5672]
2020-12-16 22:28:42.479 INFO  [http-nio-9001-exec-1] --> : Created new connection: rabbitConnectionFactory#7c0777b5:0/SimpleConnection@712c4209 [delegate=amqp://admin@192.168.244.131:5672//admin, localPort= 57901]
2020-12-16 22:28:42.516 INFO  [http-nio-9001-exec-1] --> : --------------------AOP向消息队列发送短信结束-------------------------
2020-12-16 22:28:42.517 INFO  [http-nio-9001-exec-1] --> : 请求结果：{result=200, expire=Thu Dec 17 21:42:34 CST 2020, userinfo=user{uid=4, username='test02', password='', role_id=2, is_lock=0, create_time=Wed Dec 02 22:44:53 CST 2020, userrole=null, permissions=[permission{perid=22, role_id=null, permission_code='userManager', create_time=null, permission_info='用户管理'}, permission{perid=23, role_id=null, permission_code='project', create_time=null, permission_info='项目管理'}, permission{perid=24, role_id=null, permission_code='user', create_time=null, permission_info='普通用户'}]}, token=Bearer eyJhbGciOiJSUzI1NiJ9.eyJ1c2VyIjoie1widWlkXCI6NCxcInVzZXJuYW1lXCI6XCJ0ZXN0MDJcIixcInBhc3N3b3JkXCI6XCJcIixcInJvbGVfaWRcIjoyLFwiaXNfbG9ja1wiOjAsXCJjcmVhdGVfdGltZVwiOjE2MDY5MjAyOTMwMDAsXCJ1c2Vycm9sZVwiOm51bGwsXCJwZXJtaXNzaW9uc1wiOlt7XCJwZXJpZFwiOjIyLFwicm9sZV9pZFwiOm51bGwsXCJwZXJtaXNzaW9uX2NvZGVcIjpcInVzZXJNYW5hZ2VyXCIsXCJjcmVhdGVfdGltZVwiOm51bGwsXCJwZXJtaXNzaW9uX2luZm9cIjpcIueUqOaIt-euoeeQhlwifSx7XCJwZXJpZFwiOjIzLFwicm9sZV9pZFwiOm51bGwsXCJwZXJtaXNzaW9uX2NvZGVcIjpcInByb2plY3RcIixcImNyZWF0ZV90aW1lXCI6bnVsbCxcInBlcm1pc3Npb25faW5mb1wiOlwi6aG555uu566h55CGXCJ9LHtcInBlcmlkXCI6MjQsXCJyb2xlX2lkXCI6bnVsbCxcInBlcm1pc3Npb25fY29kZVwiOlwidXNlclwiLFwiY3JlYXRlX3RpbWVcIjpudWxsLFwicGVybWlzc2lvbl9pbmZvXCI6XCLmma7pgJrnlKjmiLdcIn1dfSIsImp0aSI6Ik5qVTJNRFEyT0RFdE1EZ3dZUzAwWVRGaExUaGlZV0V0T0dRM00ySXpPRFE1WkdZdyIsImV4cCI6MTYwODIxMjU1NH0.d0-fIPo7Er8K3qQZSLxjSqiuKVnC9HRnbS9PbwYzeGhWCj6D0Yp_d8uMecQiMABQGYXGvrYKMnsIbeFo6NPD2AJbbe6QzM-cMYs5726s6QN12NWPqqpZnRUW-UHc8O01sC0YAYdjGvWThlrbTwMJ1mrkBRxXZAl9QPzEuRm4tQ9jC5ZLsXFuJUKtglFI9GhIJwxaBRi5Z7i5CPjttC90MvSYzei_IqAsgqKMH8TvjdlBZCY-z3uBbQB9ip1D6WVzjWsWGRRvk34iJg_soX_rNNSmYeq5OuAdLGX2HzSx2978G640p2aKF7k8KlNcmaTscxtNPqOznQPhGV1sHPprcQ}
2020-12-16 22:28:42.517 INFO  [http-nio-9001-exec-1] --> : --------------------请求结束-------------------------
2020-12-16 22:28:42.739 INFO  [main] --> : Multiple Spring Data modules found, entering strict repository configuration mode!
2020-12-16 22:28:42.741 INFO  [main] --> : Bootstrapping Spring Data Redis repositories in DEFAULT mode.
2020-12-16 22:28:42.766 INFO  [main] --> : Finished Spring Data repository scanning in 10ms. Found 0 Redis repository interfaces.
2020-12-16 22:28:42.872 WARN  [main] --> : No MyBatis mapper was found in '[club.codeqi]' package. Please check your configuration.
2020-12-16 22:28:43.188 INFO  [main] --> : Bean 'org.springframework.security.access.expression.method.DefaultMethodSecurityExpressionHandler@31e72cbc' of type [org.springframework.security.access.expression.method.DefaultMethodSecurityExpressionHandler] is not eligible for getting processed by all BeanPostProcessors (for example: not eligible for auto-proxying)
2020-12-16 22:28:43.202 INFO  [main] --> : Bean 'methodSecurityMetadataSource' of type [org.springframework.security.access.method.DelegatingMethodSecurityMetadataSource] is not eligible for getting processed by all BeanPostProcessors (for example: not eligible for auto-proxying)
2020-12-16 22:28:43.524 INFO  [main] --> : Tomcat initialized with port(s): 9002 (http)
2020-12-16 22:28:43.532 INFO  [main] --> : Initializing ProtocolHandler ["http-nio-9002"]
2020-12-16 22:28:43.532 INFO  [main] --> : Starting service [Tomcat]
2020-12-16 22:28:43.533 INFO  [main] --> : Starting Servlet engine: [Apache Tomcat/9.0.37]
2020-12-16 22:28:43.678 INFO  [main] --> : Initializing Spring embedded WebApplicationContext
2020-12-16 22:28:43.678 INFO  [main] --> : Root WebApplicationContext: initialization completed in 2272 ms
2020-12-16 22:28:44.104 INFO  [main] --> : 

Using generated security password: a7825a7e-c508-45aa-b6f6-9d8a5f257f79

2020-12-16 22:28:44.200 INFO  [main] --> : Creating filter chain: any request, [org.springframework.security.web.context.request.async.WebAsyncManagerIntegrationFilter@1305c126, org.springframework.security.web.context.SecurityContextPersistenceFilter@65e21ce3, org.springframework.security.web.header.HeaderWriterFilter@2924f1d8, org.springframework.web.filter.CorsFilter@63411512, org.springframework.security.web.authentication.logout.LogoutFilter@a098d76, club.codeqi.filter.JwtVerfyFilter@72f9f27c, org.springframework.security.web.savedrequest.RequestCacheAwareFilter@522bf64e, org.springframework.security.web.servletapi.SecurityContextHolderAwareRequestFilter@4b65d9f4, org.springframework.security.web.authentication.AnonymousAuthenticationFilter@4c1bdcc2, org.springframework.security.web.session.SessionManagementFilter@7cbeac65, org.springframework.security.web.access.ExceptionTranslationFilter@337bbfdf, org.springframework.security.web.access.intercept.FilterSecurityInterceptor@53b7ce6]
2020-12-16 22:28:44.437 INFO  [main] --> : Initializing ExecutorService 'applicationTaskExecutor'
2020-12-16 22:28:44.872 INFO  [main] --> : Init DruidDataSource
2020-12-16 22:28:44.966 INFO  [main] --> : {dataSource-1} inited
2020-12-16 22:28:47.511 INFO  [main] --> : Starting ProtocolHandler ["http-nio-9002"]
2020-12-16 22:28:47.536 INFO  [main] --> : Tomcat started on port(s): 9002 (http) with context path ''
2020-12-16 22:28:47.538 INFO  [main] --> : Attempting to connect to: [192.168.244.131:5672]
2020-12-16 22:28:47.570 INFO  [main] --> : Created new connection: rabbitConnectionFactory#7ea2412c:0/SimpleConnection@3af36922 [delegate=amqp://admin@192.168.244.131:5672//admin, localPort= 57919]
2020-12-16 22:28:47.629 INFO  [main] --> : Started SMS_SendApplication in 7.071 seconds (JVM running for 8.424)
2020-12-16 22:28:47.632 WARN  [org.springframework.amqp.rabbit.RabbitListenerEndpointContainer#0-1] --> : Execution of Rabbit message listener failed.
org.springframework.amqp.rabbit.support.ListenerExecutionFailedException: Listener method 'public void club.codeqi.Aspect.GetMsg.myListener(java.lang.Object)' threw exception
	at org.springframework.amqp.rabbit.listener.adapter.MessagingMessageListenerAdapter.invokeHandler(MessagingMessageListenerAdapter.java:228)
	at org.springframework.amqp.rabbit.listener.adapter.MessagingMessageListenerAdapter.invokeHandlerAndProcessResult(MessagingMessageListenerAdapter.java:148)
	at org.springframework.amqp.rabbit.listener.adapter.MessagingMessageListenerAdapter.onMessage(MessagingMessageListenerAdapter.java:133)
	at org.springframework.amqp.rabbit.listener.AbstractMessageListenerContainer.doInvokeListener(AbstractMessageListenerContainer.java:1591)
	at org.springframework.amqp.rabbit.listener.AbstractMessageListenerContainer.actualInvokeListener(AbstractMessageListenerContainer.java:1510)
	at org.springframework.amqp.rabbit.listener.AbstractMessageListenerContainer.invokeListener(AbstractMessageListenerContainer.java:1498)
	at org.springframework.amqp.rabbit.listener.AbstractMessageListenerContainer.doExecuteListener(AbstractMessageListenerContainer.java:1489)
	at org.springframework.amqp.rabbit.listener.AbstractMessageListenerContainer.executeListener(AbstractMessageListenerContainer.java:1433)
	at org.springframework.amqp.rabbit.listener.SimpleMessageListenerContainer.doReceiveAndExecute(SimpleMessageListenerContainer.java:970)
	at org.springframework.amqp.rabbit.listener.SimpleMessageListenerContainer.receiveAndExecute(SimpleMessageListenerContainer.java:916)
	at org.springframework.amqp.rabbit.listener.SimpleMessageListenerContainer.access$1600(SimpleMessageListenerContainer.java:83)
	at org.springframework.amqp.rabbit.listener.SimpleMessageListenerContainer$AsyncMessageProcessingConsumer.mainLoop(SimpleMessageListenerContainer.java:1291)
	at org.springframework.amqp.rabbit.listener.SimpleMessageListenerContainer$AsyncMessageProcessingConsumer.run(SimpleMessageListenerContainer.java:1197)
	at java.lang.Thread.run(Thread.java:748)
Caused by: java.lang.ClassCastException: org.springframework.amqp.core.Message cannot be cast to java.lang.String
	at club.codeqi.Aspect.GetMsg.myListener(GetMsg.java:12)
	at sun.reflect.NativeMethodAccessorImpl.invoke0(Native Method)
	at sun.reflect.NativeMethodAccessorImpl.invoke(NativeMethodAccessorImpl.java:62)
	at sun.reflect.DelegatingMethodAccessorImpl.invoke(DelegatingMethodAccessorImpl.java:43)
	at java.lang.reflect.Method.invoke(Method.java:498)
	at org.springframework.messaging.handler.invocation.InvocableHandlerMethod.doInvoke(InvocableHandlerMethod.java:171)
	at org.springframework.messaging.handler.invocation.InvocableHandlerMethod.invoke(InvocableHandlerMethod.java:120)
	at org.springframework.amqp.rabbit.listener.adapter.HandlerAdapter.invoke(HandlerAdapter.java:53)
	at org.springframework.amqp.rabbit.listener.adapter.MessagingMessageListenerAdapter.invokeHandler(MessagingMessageListenerAdapter.java:220)
	... 13 common frames omitted
2020-12-16 22:28:47.634 WARN  [org.springframework.amqp.rabbit.RabbitListenerEndpointContainer#0-1] --> : Fatal message conversion error; message rejected; it will be dropped or routed to a dead letter exchange, if so configured: (Body:'SMS{phone='17721330304', code='1216'}' MessageProperties [headers={}, contentType=text/plain, contentEncoding=UTF-8, contentLength=0, receivedDeliveryMode=PERSISTENT, priority=0, redelivered=false, receivedExchange=, receivedRoutingKey=hello, deliveryTag=1, consumerTag=amq.ctag-BIHEaKvcfeXrjN1sepoIHw, consumerQueue=hello])
2020-12-16 22:28:47.634 ERROR [org.springframework.amqp.rabbit.RabbitListenerEndpointContainer#0-1] --> : Execution of Rabbit message listener failed, and the error handler threw an exception
org.springframework.amqp.AmqpRejectAndDontRequeueException: Error Handler converted exception to fatal
	at org.springframework.amqp.rabbit.listener.ConditionalRejectingErrorHandler.handleError(ConditionalRejectingErrorHandler.java:116)
	at org.springframework.amqp.rabbit.listener.AbstractMessageListenerContainer.invokeErrorHandler(AbstractMessageListenerContainer.java:1395)
	at org.springframework.amqp.rabbit.listener.AbstractMessageListenerContainer.handleListenerException(AbstractMessageListenerContainer.java:1679)
	at org.springframework.amqp.rabbit.listener.AbstractMessageListenerContainer.executeListener(AbstractMessageListenerContainer.java:1454)
	at org.springframework.amqp.rabbit.listener.SimpleMessageListenerContainer.doReceiveAndExecute(SimpleMessageListenerContainer.java:970)
	at org.springframework.amqp.rabbit.listener.SimpleMessageListenerContainer.receiveAndExecute(SimpleMessageListenerContainer.java:916)
	at org.springframework.amqp.rabbit.listener.SimpleMessageListenerContainer.access$1600(SimpleMessageListenerContainer.java:83)
	at org.springframework.amqp.rabbit.listener.SimpleMessageListenerContainer$AsyncMessageProcessingConsumer.mainLoop(SimpleMessageListenerContainer.java:1291)
	at org.springframework.amqp.rabbit.listener.SimpleMessageListenerContainer$AsyncMessageProcessingConsumer.run(SimpleMessageListenerContainer.java:1197)
	at java.lang.Thread.run(Thread.java:748)
Caused by: org.springframework.amqp.rabbit.support.ListenerExecutionFailedException: Listener method 'public void club.codeqi.Aspect.GetMsg.myListener(java.lang.Object)' threw exception
	at org.springframework.amqp.rabbit.listener.adapter.MessagingMessageListenerAdapter.invokeHandler(MessagingMessageListenerAdapter.java:228)
	at org.springframework.amqp.rabbit.listener.adapter.MessagingMessageListenerAdapter.invokeHandlerAndProcessResult(MessagingMessageListenerAdapter.java:148)
	at org.springframework.amqp.rabbit.listener.adapter.MessagingMessageListenerAdapter.onMessage(MessagingMessageListenerAdapter.java:133)
	at org.springframework.amqp.rabbit.listener.AbstractMessageListenerContainer.doInvokeListener(AbstractMessageListenerContainer.java:1591)
	at org.springframework.amqp.rabbit.listener.AbstractMessageListenerContainer.actualInvokeListener(AbstractMessageListenerContainer.java:1510)
	at org.springframework.amqp.rabbit.listener.AbstractMessageListenerContainer.invokeListener(AbstractMessageListenerContainer.java:1498)
	at org.springframework.amqp.rabbit.listener.AbstractMessageListenerContainer.doExecuteListener(AbstractMessageListenerContainer.java:1489)
	at org.springframework.amqp.rabbit.listener.AbstractMessageListenerContainer.executeListener(AbstractMessageListenerContainer.java:1433)
	... 6 common frames omitted
Caused by: java.lang.ClassCastException: org.springframework.amqp.core.Message cannot be cast to java.lang.String
	at club.codeqi.Aspect.GetMsg.myListener(GetMsg.java:12)
	at sun.reflect.NativeMethodAccessorImpl.invoke0(Native Method)
	at sun.reflect.NativeMethodAccessorImpl.invoke(NativeMethodAccessorImpl.java:62)
	at sun.reflect.DelegatingMethodAccessorImpl.invoke(DelegatingMethodAccessorImpl.java:43)
	at java.lang.reflect.Method.invoke(Method.java:498)
	at org.springframework.messaging.handler.invocation.InvocableHandlerMethod.doInvoke(InvocableHandlerMethod.java:171)
	at org.springframework.messaging.handler.invocation.InvocableHandlerMethod.invoke(InvocableHandlerMethod.java:120)
	at org.springframework.amqp.rabbit.listener.adapter.HandlerAdapter.invoke(HandlerAdapter.java:53)
	at org.springframework.amqp.rabbit.listener.adapter.MessagingMessageListenerAdapter.invokeHandler(MessagingMessageListenerAdapter.java:220)
	... 13 common frames omitted
2020-12-16 22:29:30.035 INFO  [main] --> : Starting SMS_SendApplication on DESKTOP-5NPPL9S with PID 15076 (E:\ImportantPlan\项目管理\project\SMS_Send\target\classes started by Administrator in E:\ImportantPlan\项目管理\project)
2020-12-16 22:29:30.038 DEBUG [main] --> : Running with Spring Boot v2.3.3.RELEASE, Spring v5.2.8.RELEASE
2020-12-16 22:29:30.039 INFO  [main] --> : No active profile set, falling back to default profiles: default
2020-12-16 22:29:30.837 INFO  [main] --> : Multiple Spring Data modules found, entering strict repository configuration mode!
2020-12-16 22:29:30.839 INFO  [main] --> : Bootstrapping Spring Data Redis repositories in DEFAULT mode.
2020-12-16 22:29:30.865 INFO  [main] --> : Finished Spring Data repository scanning in 10ms. Found 0 Redis repository interfaces.
2020-12-16 22:29:30.971 WARN  [main] --> : No MyBatis mapper was found in '[club.codeqi]' package. Please check your configuration.
2020-12-16 22:29:31.304 INFO  [main] --> : Bean 'org.springframework.security.access.expression.method.DefaultMethodSecurityExpressionHandler@333cb916' of type [org.springframework.security.access.expression.method.DefaultMethodSecurityExpressionHandler] is not eligible for getting processed by all BeanPostProcessors (for example: not eligible for auto-proxying)
2020-12-16 22:29:31.324 INFO  [main] --> : Bean 'methodSecurityMetadataSource' of type [org.springframework.security.access.method.DelegatingMethodSecurityMetadataSource] is not eligible for getting processed by all BeanPostProcessors (for example: not eligible for auto-proxying)
2020-12-16 22:29:31.727 INFO  [main] --> : Tomcat initialized with port(s): 9002 (http)
2020-12-16 22:29:31.736 INFO  [main] --> : Initializing ProtocolHandler ["http-nio-9002"]
2020-12-16 22:29:31.737 INFO  [main] --> : Starting service [Tomcat]
2020-12-16 22:29:31.738 INFO  [main] --> : Starting Servlet engine: [Apache Tomcat/9.0.37]
2020-12-16 22:29:31.868 INFO  [main] --> : Initializing Spring embedded WebApplicationContext
2020-12-16 22:29:31.868 INFO  [main] --> : Root WebApplicationContext: initialization completed in 1778 ms
2020-12-16 22:29:32.279 INFO  [main] --> : 

Using generated security password: d6726173-f249-40fe-b7d7-9bfc50bb4c62

2020-12-16 22:29:32.372 INFO  [main] --> : Creating filter chain: any request, [org.springframework.security.web.context.request.async.WebAsyncManagerIntegrationFilter@4b97c4ad, org.springframework.security.web.context.SecurityContextPersistenceFilter@5f0f9947, org.springframework.security.web.header.HeaderWriterFilter@6cff61fc, org.springframework.web.filter.CorsFilter@6ba30587, org.springframework.security.web.authentication.logout.LogoutFilter@2b680207, club.codeqi.filter.JwtVerfyFilter@7640a5b1, org.springframework.security.web.savedrequest.RequestCacheAwareFilter@c3edf4c, org.springframework.security.web.servletapi.SecurityContextHolderAwareRequestFilter@28da7d11, org.springframework.security.web.authentication.AnonymousAuthenticationFilter@642f9a77, org.springframework.security.web.session.SessionManagementFilter@6c3659be, org.springframework.security.web.access.ExceptionTranslationFilter@30b131b2, org.springframework.security.web.access.intercept.FilterSecurityInterceptor@41eb94bc]
2020-12-16 22:29:32.600 INFO  [main] --> : Initializing ExecutorService 'applicationTaskExecutor'
2020-12-16 22:29:33.005 INFO  [main] --> : Init DruidDataSource
2020-12-16 22:29:33.081 INFO  [main] --> : {dataSource-1} inited
2020-12-16 22:29:35.442 INFO  [main] --> : Starting ProtocolHandler ["http-nio-9002"]
2020-12-16 22:29:35.465 INFO  [main] --> : Tomcat started on port(s): 9002 (http) with context path ''
2020-12-16 22:29:35.466 INFO  [main] --> : Attempting to connect to: [192.168.244.131:5672]
2020-12-16 22:29:35.495 INFO  [main] --> : Created new connection: rabbitConnectionFactory#474179fa:0/SimpleConnection@1c6e3ff9 [delegate=amqp://admin@192.168.244.131:5672//admin, localPort= 57959]
2020-12-16 22:29:35.547 INFO  [main] --> : Started SMS_SendApplication in 6.184 seconds (JVM running for 7.387)
2020-12-16 22:29:44.702 INFO  [http-nio-9001-exec-5] --> : -------------------请求开始--------------------------
2020-12-16 22:29:44.702 INFO  [http-nio-9001-exec-5] --> : 请求路径: http://localhost:9001/userinfo  GET
请求内容:{}
2020-12-16 22:29:44.702 INFO  [http-nio-9001-exec-5] --> : -------------AOP向消息队列发送短信开始-------------------
2020-12-16 22:29:44.702 INFO  [http-nio-9001-exec-5] --> : 向消息队列中发送消息：消息队列: hello, 消息内容: SMS{phone='17721330304', code='1216'}
2020-12-16 22:29:44.704 INFO  [http-nio-9001-exec-5] --> : --------------------AOP向消息队列发送短信结束-------------------------
2020-12-16 22:29:44.704 INFO  [http-nio-9001-exec-5] --> : 请求结果：{result=200, expire=Thu Dec 17 21:42:34 CST 2020, userinfo=user{uid=4, username='test02', password='', role_id=2, is_lock=0, create_time=Wed Dec 02 22:44:53 CST 2020, userrole=null, permissions=[permission{perid=22, role_id=null, permission_code='userManager', create_time=null, permission_info='用户管理'}, permission{perid=23, role_id=null, permission_code='project', create_time=null, permission_info='项目管理'}, permission{perid=24, role_id=null, permission_code='user', create_time=null, permission_info='普通用户'}]}, token=Bearer eyJhbGciOiJSUzI1NiJ9.eyJ1c2VyIjoie1widWlkXCI6NCxcInVzZXJuYW1lXCI6XCJ0ZXN0MDJcIixcInBhc3N3b3JkXCI6XCJcIixcInJvbGVfaWRcIjoyLFwiaXNfbG9ja1wiOjAsXCJjcmVhdGVfdGltZVwiOjE2MDY5MjAyOTMwMDAsXCJ1c2Vycm9sZVwiOm51bGwsXCJwZXJtaXNzaW9uc1wiOlt7XCJwZXJpZFwiOjIyLFwicm9sZV9pZFwiOm51bGwsXCJwZXJtaXNzaW9uX2NvZGVcIjpcInVzZXJNYW5hZ2VyXCIsXCJjcmVhdGVfdGltZVwiOm51bGwsXCJwZXJtaXNzaW9uX2luZm9cIjpcIueUqOaIt-euoeeQhlwifSx7XCJwZXJpZFwiOjIzLFwicm9sZV9pZFwiOm51bGwsXCJwZXJtaXNzaW9uX2NvZGVcIjpcInByb2plY3RcIixcImNyZWF0ZV90aW1lXCI6bnVsbCxcInBlcm1pc3Npb25faW5mb1wiOlwi6aG555uu566h55CGXCJ9LHtcInBlcmlkXCI6MjQsXCJyb2xlX2lkXCI6bnVsbCxcInBlcm1pc3Npb25fY29kZVwiOlwidXNlclwiLFwiY3JlYXRlX3RpbWVcIjpudWxsLFwicGVybWlzc2lvbl9pbmZvXCI6XCLmma7pgJrnlKjmiLdcIn1dfSIsImp0aSI6Ik5qVTJNRFEyT0RFdE1EZ3dZUzAwWVRGaExUaGlZV0V0T0dRM00ySXpPRFE1WkdZdyIsImV4cCI6MTYwODIxMjU1NH0.d0-fIPo7Er8K3qQZSLxjSqiuKVnC9HRnbS9PbwYzeGhWCj6D0Yp_d8uMecQiMABQGYXGvrYKMnsIbeFo6NPD2AJbbe6QzM-cMYs5726s6QN12NWPqqpZnRUW-UHc8O01sC0YAYdjGvWThlrbTwMJ1mrkBRxXZAl9QPzEuRm4tQ9jC5ZLsXFuJUKtglFI9GhIJwxaBRi5Z7i5CPjttC90MvSYzei_IqAsgqKMH8TvjdlBZCY-z3uBbQB9ip1D6WVzjWsWGRRvk34iJg_soX_rNNSmYeq5OuAdLGX2HzSx2978G640p2aKF7k8KlNcmaTscxtNPqOznQPhGV1sHPprcQ}
2020-12-16 22:29:44.704 INFO  [http-nio-9001-exec-5] --> : --------------------请求结束-------------------------
