2020-12-15 16:34:13.269 INFO  [main] --> : Starting project_jwt_authApplication on DESKTOP-0NNS7PI with PID 8964 (E:\ImportantPlan\项目管理\project\project_jwt_auth\target\classes started by qiyuan in E:\ImportantPlan\项目管理\project)
2020-12-15 16:34:13.277 DEBUG [main] --> : Running with Spring Boot v2.3.3.RELEASE, Spring v5.2.8.RELEASE
2020-12-15 16:34:13.278 INFO  [main] --> : No active profile set, falling back to default profiles: default
2020-12-15 16:34:17.876 INFO  [main] --> : Multiple Spring Data modules found, entering strict repository configuration mode!
2020-12-15 16:34:17.900 INFO  [main] --> : Bootstrapping Spring Data Redis repositories in DEFAULT mode.
2020-12-15 16:34:18.232 INFO  [main] --> : Finished Spring Data repository scanning in 108ms. Found 0 Redis repository interfaces.
2020-12-15 16:34:20.398 INFO  [main] --> : Bean 'redisCache' of type [club.codeqi.config.redisCache$$EnhancerBySpringCGLIB$$912ad52f] is not eligible for getting processed by all BeanPostProcessors (for example: not eligible for auto-proxying)
2020-12-15 16:34:20.529 INFO  [main] --> : Bean 'org.springframework.security.access.expression.method.DefaultMethodSecurityExpressionHandler@1c504e66' of type [org.springframework.security.access.expression.method.DefaultMethodSecurityExpressionHandler] is not eligible for getting processed by all BeanPostProcessors (for example: not eligible for auto-proxying)
2020-12-15 16:34:20.548 INFO  [main] --> : Bean 'methodSecurityMetadataSource' of type [org.springframework.security.access.method.DelegatingMethodSecurityMetadataSource] is not eligible for getting processed by all BeanPostProcessors (for example: not eligible for auto-proxying)
2020-12-15 16:34:21.895 INFO  [main] --> : Tomcat initialized with port(s): 9001 (http)
2020-12-15 16:34:21.934 INFO  [main] --> : Initializing ProtocolHandler ["http-nio-9001"]
2020-12-15 16:34:21.935 INFO  [main] --> : Starting service [Tomcat]
2020-12-15 16:34:21.936 INFO  [main] --> : Starting Servlet engine: [Apache Tomcat/9.0.37]
2020-12-15 16:34:22.513 INFO  [main] --> : Initializing Spring embedded WebApplicationContext
2020-12-15 16:34:22.514 INFO  [main] --> : Root WebApplicationContext: initialization completed in 9103 ms
2020-12-15 16:34:23.452 INFO  [main] --> : Init DruidDataSource
2020-12-15 16:34:24.318 INFO  [main] --> : {dataSource-1} inited
2020-12-15 16:34:26.774 WARN  [main] --> : Can not find table primary key in Class: "club.codeqi.bean.user.user".
2020-12-15 16:34:26.836 WARN  [main] --> : [club.codeqi.bean.user.userMapper.insert] Has been loaded by XML or SqlProvider or Mybatis's Annotation, so ignoring this injection for [class com.baomidou.mybatisplus.core.injector.methods.Insert]
2020-12-15 16:34:26.862 WARN  [main] --> : [club.codeqi.bean.user.userMapper.delete] Has been loaded by XML or SqlProvider or Mybatis's Annotation, so ignoring this injection for [class com.baomidou.mybatisplus.core.injector.methods.Delete]
2020-12-15 16:34:26.896 WARN  [main] --> : [club.codeqi.bean.user.userMapper.update] Has been loaded by XML or SqlProvider or Mybatis's Annotation, so ignoring this injection for [class com.baomidou.mybatisplus.core.injector.methods.Update]
2020-12-15 16:34:28.605 WARN  [main] --> : Can not find table primary key in Class: "club.codeqi.bean.project.project".
2020-12-15 16:34:28.616 WARN  [main] --> : [club.codeqi.bean.project.projectMapper.insert] Has been loaded by XML or SqlProvider or Mybatis's Annotation, so ignoring this injection for [class com.baomidou.mybatisplus.core.injector.methods.Insert]
2020-12-15 16:34:28.624 WARN  [main] --> : [club.codeqi.bean.project.projectMapper.delete] Has been loaded by XML or SqlProvider or Mybatis's Annotation, so ignoring this injection for [class com.baomidou.mybatisplus.core.injector.methods.Delete]
2020-12-15 16:34:28.674 WARN  [main] --> : [club.codeqi.bean.project.projectMapper.update] Has been loaded by XML or SqlProvider or Mybatis's Annotation, so ignoring this injection for [class com.baomidou.mybatisplus.core.injector.methods.Update]
2020-12-15 16:34:29.010 WARN  [main] --> : Can not find table primary key in Class: "club.codeqi.bean.role.role".
2020-12-15 16:34:29.017 WARN  [main] --> : [club.codeqi.bean.role.roleMapper.insert] Has been loaded by XML or SqlProvider or Mybatis's Annotation, so ignoring this injection for [class com.baomidou.mybatisplus.core.injector.methods.Insert]
2020-12-15 16:34:29.024 WARN  [main] --> : [club.codeqi.bean.role.roleMapper.delete] Has been loaded by XML or SqlProvider or Mybatis's Annotation, so ignoring this injection for [class com.baomidou.mybatisplus.core.injector.methods.Delete]
2020-12-15 16:34:29.062 WARN  [main] --> : [club.codeqi.bean.role.roleMapper.update] Has been loaded by XML or SqlProvider or Mybatis's Annotation, so ignoring this injection for [class com.baomidou.mybatisplus.core.injector.methods.Update]
2020-12-15 16:34:29.865 INFO  [main] --> : Creating filter chain: any request, [org.springframework.security.web.context.request.async.WebAsyncManagerIntegrationFilter@188598ad, org.springframework.security.web.context.SecurityContextPersistenceFilter@5034f5dd, org.springframework.security.web.header.HeaderWriterFilter@724aefc3, org.springframework.web.filter.CorsFilter@7ff8a9dc, org.springframework.security.web.authentication.logout.LogoutFilter@6f6c6077, club.codeqi.filter.JwtLoginFilter@40d23c82, club.codeqi.filter.JwtVerfyFilter@7cf78c85, org.springframework.security.web.savedrequest.RequestCacheAwareFilter@6a916402, org.springframework.security.web.servletapi.SecurityContextHolderAwareRequestFilter@2e7157c7, org.springframework.security.web.authentication.AnonymousAuthenticationFilter@ebe067d, org.springframework.security.web.session.SessionManagementFilter@2a097d77, org.springframework.security.web.access.ExceptionTranslationFilter@d08edc5, org.springframework.security.web.access.intercept.FilterSecurityInterceptor@43b5021c]
2020-12-15 16:34:32.330 INFO  [main] --> : Initializing ExecutorService 'applicationTaskExecutor'
2020-12-15 16:34:35.858 INFO  [main] --> : Starting ProtocolHandler ["http-nio-9001"]
2020-12-15 16:34:35.941 INFO  [main] --> : Tomcat started on port(s): 9001 (http) with context path ''
2020-12-15 16:34:35.963 INFO  [main] --> : Started project_jwt_authApplication in 24.721 seconds (JVM running for 27.669)
2020-12-15 16:53:30.913 INFO  [SpringContextShutdownHook] --> : Shutting down ExecutorService 'applicationTaskExecutor'
2020-12-15 16:53:31.210 INFO  [SpringContextShutdownHook] --> : {dataSource-1} closed
