2020-12-14 20:58:18.381 INFO  [main] --> : Starting project_jwt_authApplication on DESKTOP-5NPPL9S with PID 7316 (E:\ImportantPlan\项目管理\project\project_jwt_auth\target\classes started by Administrator in E:\ImportantPlan\项目管理\project)
2020-12-14 20:58:18.384 DEBUG [main] --> : Running with Spring Boot v2.3.3.RELEASE, Spring v5.2.8.RELEASE
2020-12-14 20:58:18.384 INFO  [main] --> : No active profile set, falling back to default profiles: default
2020-12-14 20:58:19.304 INFO  [main] --> : Multiple Spring Data modules found, entering strict repository configuration mode!
2020-12-14 20:58:19.307 INFO  [main] --> : Bootstrapping Spring Data Redis repositories in DEFAULT mode.
2020-12-14 20:58:19.342 INFO  [main] --> : Finished Spring Data repository scanning in 16ms. Found 0 Redis repository interfaces.
2020-12-14 20:58:19.645 INFO  [main] --> : Bean 'org.springframework.security.access.expression.method.DefaultMethodSecurityExpressionHandler@59712875' of type [org.springframework.security.access.expression.method.DefaultMethodSecurityExpressionHandler] is not eligible for getting processed by all BeanPostProcessors (for example: not eligible for auto-proxying)
2020-12-14 20:58:19.649 INFO  [main] --> : Bean 'methodSecurityMetadataSource' of type [org.springframework.security.access.method.DelegatingMethodSecurityMetadataSource] is not eligible for getting processed by all BeanPostProcessors (for example: not eligible for auto-proxying)
2020-12-14 20:58:19.922 INFO  [main] --> : Tomcat initialized with port(s): 9001 (http)
2020-12-14 20:58:19.932 INFO  [main] --> : Initializing ProtocolHandler ["http-nio-9001"]
2020-12-14 20:58:19.933 INFO  [main] --> : Starting service [Tomcat]
2020-12-14 20:58:19.933 INFO  [main] --> : Starting Servlet engine: [Apache Tomcat/9.0.37]
2020-12-14 20:58:20.066 INFO  [main] --> : Initializing Spring embedded WebApplicationContext
2020-12-14 20:58:20.066 INFO  [main] --> : Root WebApplicationContext: initialization completed in 1635 ms
2020-12-14 20:58:20.272 INFO  [main] --> : Init DruidDataSource
2020-12-14 20:58:20.476 INFO  [main] --> : {dataSource-1} inited
2020-12-14 20:58:21.413 WARN  [main] --> : Can not find table primary key in Class: "club.codeqi.bean.user.user".
2020-12-14 20:58:21.422 WARN  [main] --> : [club.codeqi.bean.user.userMapper.insert] Has been loaded by XML or SqlProvider or Mybatis's Annotation, so ignoring this injection for [class com.baomidou.mybatisplus.core.injector.methods.Insert]
2020-12-14 20:58:21.428 WARN  [main] --> : [club.codeqi.bean.user.userMapper.delete] Has been loaded by XML or SqlProvider or Mybatis's Annotation, so ignoring this injection for [class com.baomidou.mybatisplus.core.injector.methods.Delete]
2020-12-14 20:58:21.442 WARN  [main] --> : [club.codeqi.bean.user.userMapper.update] Has been loaded by XML or SqlProvider or Mybatis's Annotation, so ignoring this injection for [class com.baomidou.mybatisplus.core.injector.methods.Update]
2020-12-14 20:58:21.606 WARN  [main] --> : Can not find table primary key in Class: "club.codeqi.bean.project.project".
2020-12-14 20:58:21.608 WARN  [main] --> : [club.codeqi.bean.project.projectMapper.insert] Has been loaded by XML or SqlProvider or Mybatis's Annotation, so ignoring this injection for [class com.baomidou.mybatisplus.core.injector.methods.Insert]
2020-12-14 20:58:21.610 WARN  [main] --> : [club.codeqi.bean.project.projectMapper.delete] Has been loaded by XML or SqlProvider or Mybatis's Annotation, so ignoring this injection for [class com.baomidou.mybatisplus.core.injector.methods.Delete]
2020-12-14 20:58:21.616 WARN  [main] --> : [club.codeqi.bean.project.projectMapper.update] Has been loaded by XML or SqlProvider or Mybatis's Annotation, so ignoring this injection for [class com.baomidou.mybatisplus.core.injector.methods.Update]
2020-12-14 20:58:21.653 WARN  [main] --> : Can not find table primary key in Class: "club.codeqi.bean.role.role".
2020-12-14 20:58:21.655 WARN  [main] --> : [club.codeqi.bean.role.roleMapper.insert] Has been loaded by XML or SqlProvider or Mybatis's Annotation, so ignoring this injection for [class com.baomidou.mybatisplus.core.injector.methods.Insert]
2020-12-14 20:58:21.657 WARN  [main] --> : [club.codeqi.bean.role.roleMapper.delete] Has been loaded by XML or SqlProvider or Mybatis's Annotation, so ignoring this injection for [class com.baomidou.mybatisplus.core.injector.methods.Delete]
2020-12-14 20:58:21.664 WARN  [main] --> : [club.codeqi.bean.role.roleMapper.update] Has been loaded by XML or SqlProvider or Mybatis's Annotation, so ignoring this injection for [class com.baomidou.mybatisplus.core.injector.methods.Update]
2020-12-14 20:58:21.822 INFO  [main] --> : Creating filter chain: any request, [org.springframework.security.web.context.request.async.WebAsyncManagerIntegrationFilter@79a04e5f, org.springframework.security.web.context.SecurityContextPersistenceFilter@1b956cfa, org.springframework.security.web.header.HeaderWriterFilter@5f481b73, org.springframework.web.filter.CorsFilter@7e744f43, org.springframework.security.web.authentication.logout.LogoutFilter@b887730, club.codeqi.filter.JwtLoginFilter@66b59b7d, club.codeqi.filter.JwtVerfyFilter@53311681, org.springframework.security.web.savedrequest.RequestCacheAwareFilter@3a66e67e, org.springframework.security.web.servletapi.SecurityContextHolderAwareRequestFilter@21505815, org.springframework.security.web.authentication.AnonymousAuthenticationFilter@4437ac07, org.springframework.security.web.session.SessionManagementFilter@41294371, org.springframework.security.web.access.ExceptionTranslationFilter@2f5b8250, org.springframework.security.web.access.intercept.FilterSecurityInterceptor@7f5538a1]
2020-12-14 20:58:22.004 INFO  [main] --> : Initializing ExecutorService 'applicationTaskExecutor'
2020-12-14 20:58:22.690 INFO  [main] --> : Starting ProtocolHandler ["http-nio-9001"]
2020-12-14 20:58:22.714 INFO  [main] --> : Tomcat started on port(s): 9001 (http) with context path ''
2020-12-14 20:58:22.724 INFO  [main] --> : Started project_jwt_authApplication in 5.091 seconds (JVM running for 6.587)
